<?xml version="1.0" encoding="UTF-8"?>
<testsuite name="com.alsa.demo.logic.LeagueLogicTests" tests="1" skipped="0" failures="0" errors="0" timestamp="2023-01-09T15:17:21" hostname="Alexs-MacBook-Pro.local" time="0.014">
  <properties/>
  <testcase name="updateLeaguePositionVariableGivenResultUpdate()" classname="com.alsa.demo.logic.LeagueLogicTests" time="0.014"/>
  <system-out><![CDATA[]]></system-out>
  <system-err><![CDATA[]]></system-err>
</testsuite>
