<?xml version="1.0" encoding="UTF-8"?>
<testsuite name="com.alsa.demo.TeamIntegrationTests" tests="1" skipped="0" failures="0" errors="0" timestamp="2023-01-11T16:52:17" hostname="Alexs-MacBook-Pro.local" time="0.408">
  <properties/>
  <testcase name="saveAndGetTeamValidationIssue()" classname="com.alsa.demo.TeamIntegrationTests" time="0.408"/>
  <system-out><![CDATA[16:52:12.649 [Test worker] DEBUG org.springframework.boot.test.context.SpringBootTestContextBootstrapper - Neither @ContextConfiguration nor @ContextHierarchy found for test class [TeamIntegrationTests]: using SpringBootContextLoader
16:52:12.653 [Test worker] DEBUG org.springframework.test.context.support.AbstractContextLoader - Could not detect default resource locations for test class [com.alsa.demo.TeamIntegrationTests]: no resource found for suffixes {-context.xml, Context.groovy}.
16:52:12.654 [Test worker] INFO org.springframework.test.context.support.AnnotationConfigContextLoaderUtils - Could not detect default configuration classes for test class [com.alsa.demo.TeamIntegrationTests]: TeamIntegrationTests does not declare any static, non-private, non-final, nested classes annotated with @Configuration.
16:52:12.678 [Test worker] DEBUG org.springframework.boot.test.context.SpringBootTestContextBootstrapper - Using ContextCustomizers for test class [TeamIntegrationTests]: [DisableObservabilityContextCustomizer, PropertyMappingContextCustomizer, Customizer, ExcludeFilterContextCustomizer, DuplicateJsonObjectContextCustomizer, MockitoContextCustomizer, TestRestTemplateContextCustomizer, WebTestClientContextCustomizer]
16:52:12.766 [Test worker] DEBUG org.springframework.context.annotation.ClassPathScanningCandidateComponentProvider - Identified candidate component class: file [/Users/alsa/Downloads/footballseason/build/classes/java/main/com/alsa/demo/LeaguesApplication.class]
16:52:12.768 [Test worker] INFO org.springframework.boot.test.context.SpringBootTestContextBootstrapper - Found @SpringBootConfiguration com.alsa.demo.LeaguesApplication for test class com.alsa.demo.TeamIntegrationTests
16:52:12.846 [Test worker] DEBUG org.springframework.boot.test.context.SpringBootTestContextBootstrapper - Using TestExecutionListeners for test class [TeamIntegrationTests]: [ServletTestExecutionListener, DirtiesContextBeforeModesTestExecutionListener, ApplicationEventsTestExecutionListener, MockitoTestExecutionListener, DependencyInjectionTestExecutionListener, DirtiesContextTestExecutionListener, TransactionalTestExecutionListener, SqlScriptsTestExecutionListener, EventPublishingTestExecutionListener, RestDocsTestExecutionListener, MockRestServiceServerResetTestExecutionListener, MockMvcPrintOnlyOnFailureTestExecutionListener, WebDriverTestExecutionListener, MockWebServiceServerTestExecutionListener, ResetMocksTestExecutionListener]
16:52:12.847 [Test worker] DEBUG org.springframework.test.context.support.AbstractDirtiesContextTestExecutionListener - Before test class: class [TeamIntegrationTests], class annotated with @DirtiesContext [false] with mode [null]
16:52:12.858 [Test worker] DEBUG org.springframework.test.context.support.DependencyInjectionTestExecutionListener - Performing dependency injection for test class com.alsa.demo.TeamIntegrationTests

  .   ____          _            __ _ _
 /\\ / ___'_ __ _ _(_)_ __  __ _ \ \ \ \
( ( )\___ | '_ | '_| | '_ \/ _` | \ \ \ \
 \\/  ___)| |_)| | | | | || (_| |  ) ) ) )
  '  |____| .__|_| |_|_| |_\__, | / / / /
 =========|_|==============|___/=/_/_/_/
 :: Spring Boot ::                (v3.0.1)

2023-01-11T16:52:13.068Z  INFO 39596 --- [    Test worker] com.alsa.demo.TeamIntegrationTests       : Starting TeamIntegrationTests using Java 17.0.3.1 with PID 39596 (started by alsa in /Users/alsa/Downloads/footballseason)
2023-01-11T16:52:13.069Z  INFO 39596 --- [    Test worker] com.alsa.demo.TeamIntegrationTests       : No active profile set, falling back to 1 default profile: "default"
2023-01-11T16:52:13.692Z  INFO 39596 --- [    Test worker] .s.d.r.c.RepositoryConfigurationDelegate : Bootstrapping Spring Data JPA repositories in DEFAULT mode.
2023-01-11T16:52:13.842Z  INFO 39596 --- [    Test worker] .s.d.r.c.RepositoryConfigurationDelegate : Finished Spring Data repository scanning in 142 ms. Found 3 JPA repository interfaces.
2023-01-11T16:52:14.490Z  INFO 39596 --- [    Test worker] o.s.b.w.embedded.tomcat.TomcatWebServer  : Tomcat initialized with port(s): 0 (http)
2023-01-11T16:52:14.503Z  INFO 39596 --- [    Test worker] o.apache.catalina.core.StandardService   : Starting service [Tomcat]
2023-01-11T16:52:14.504Z  INFO 39596 --- [    Test worker] o.apache.catalina.core.StandardEngine    : Starting Servlet engine: [Apache Tomcat/10.1.4]
2023-01-11T16:52:14.626Z  INFO 39596 --- [    Test worker] o.a.c.c.C.[Tomcat].[localhost].[/]       : Initializing Spring embedded WebApplicationContext
2023-01-11T16:52:14.629Z  INFO 39596 --- [    Test worker] w.s.c.ServletWebServerApplicationContext : Root WebApplicationContext: initialization completed in 1544 ms
2023-01-11T16:52:14.759Z  INFO 39596 --- [    Test worker] com.zaxxer.hikari.HikariDataSource       : HikariPool-1 - Starting...
2023-01-11T16:52:14.903Z  INFO 39596 --- [    Test worker] com.zaxxer.hikari.pool.HikariPool        : HikariPool-1 - Added connection conn0: url=jdbc:h2:mem:175d8257-5ea6-4f81-8c99-e2656def8ee5 user=SA
2023-01-11T16:52:14.905Z  INFO 39596 --- [    Test worker] com.zaxxer.hikari.HikariDataSource       : HikariPool-1 - Start completed.
2023-01-11T16:52:14.949Z  INFO 39596 --- [    Test worker] o.hibernate.jpa.internal.util.LogHelper  : HHH000204: Processing PersistenceUnitInfo [name: default]
2023-01-11T16:52:14.993Z  INFO 39596 --- [    Test worker] org.hibernate.Version                    : HHH000412: Hibernate ORM core version 6.1.6.Final
2023-01-11T16:52:15.122Z  WARN 39596 --- [    Test worker] org.hibernate.orm.deprecation            : HHH90000021: Encountered deprecated setting [javax.persistence.sharedCache.mode], use [jakarta.persistence.sharedCache.mode] instead
2023-01-11T16:52:15.231Z  INFO 39596 --- [    Test worker] SQL dialect                              : HHH000400: Using dialect: org.hibernate.dialect.H2Dialect
2023-01-11T16:52:15.483Z  WARN 39596 --- [    Test worker] org.hibernate.mapping.RootClass          : HHH000038: Composite-id class does not override equals(): com.alsa.demo.entities.LeaguePositionId
2023-01-11T16:52:15.483Z  WARN 39596 --- [    Test worker] org.hibernate.mapping.RootClass          : HHH000039: Composite-id class does not override hashCode(): com.alsa.demo.entities.LeaguePositionId
2023-01-11T16:52:15.924Z  INFO 39596 --- [    Test worker] o.h.e.t.j.p.i.JtaPlatformInitiator       : HHH000490: Using JtaPlatform implementation: [org.hibernate.engine.transaction.jta.platform.internal.NoJtaPlatform]
2023-01-11T16:52:15.931Z  INFO 39596 --- [    Test worker] j.LocalContainerEntityManagerFactoryBean : Initialized JPA EntityManagerFactory for persistence unit 'default'
2023-01-11T16:52:16.579Z  WARN 39596 --- [    Test worker] JpaBaseConfiguration$JpaWebConfiguration : spring.jpa.open-in-view is enabled by default. Therefore, database queries may be performed during view rendering. Explicitly configure spring.jpa.open-in-view to disable this warning
2023-01-11T16:52:17.570Z  INFO 39596 --- [    Test worker] o.s.b.w.embedded.tomcat.TomcatWebServer  : Tomcat started on port(s): 57704 (http) with context path ''
2023-01-11T16:52:17.578Z  INFO 39596 --- [    Test worker] com.alsa.demo.TeamIntegrationTests       : Started TeamIntegrationTests in 4.701 seconds (process running for 5.577)
2023-01-11T16:52:18.164Z  INFO 39596 --- [o-auto-1-exec-1] o.a.c.c.C.[Tomcat].[localhost].[/]       : Initializing Spring DispatcherServlet 'dispatcherServlet'
2023-01-11T16:52:18.164Z  INFO 39596 --- [o-auto-1-exec-1] o.s.web.servlet.DispatcherServlet        : Initializing Servlet 'dispatcherServlet'
2023-01-11T16:52:18.166Z  INFO 39596 --- [o-auto-1-exec-1] o.s.web.servlet.DispatcherServlet        : Completed initialization in 1 ms
2023-01-11T16:52:18.241Z  WARN 39596 --- [o-auto-1-exec-1] .w.s.m.s.DefaultHandlerExceptionResolver : Resolved [org.springframework.web.bind.MethodArgumentNotValidException: Validation failed for argument [0] in public void com.alsa.demo.controllers.TeamController.saveTeam(com.alsa.demo.input.TeamForm): [Field error in object 'teamForm' on field 'teamName': rejected value []; codes [NotBlank.teamForm.teamName,NotBlank.teamName,NotBlank.java.lang.String,NotBlank]; arguments [org.springframework.context.support.DefaultMessageSourceResolvable: codes [teamForm.teamName,teamName]; arguments []; default message [teamName]]; default message [must not be blank]] ]
]]></system-out>
  <system-err><![CDATA[]]></system-err>
</testsuite>
