<?xml version="1.0" encoding="UTF-8"?>
<testsuite name="com.alsa.demo.services.TeamServiceTests" tests="2" skipped="0" failures="0" errors="0" timestamp="2023-01-12T10:01:13" hostname="Alexs-MacBook-Pro.local" time="0.006">
  <properties/>
  <testcase name="saveTeam()" classname="com.alsa.demo.services.TeamServiceTests" time="0.002"/>
  <testcase name="testGetTeamNameFromId()" classname="com.alsa.demo.services.TeamServiceTests" time="0.003"/>
  <system-out><![CDATA[2023-01-12T10:01:13.064Z  INFO 11845 --- [    Test worker] t.c.s.AnnotationConfigContextLoaderUtils : Could not detect default configuration classes for test class [com.alsa.demo.services.TeamServiceTests]: TeamServiceTests does not declare any static, non-private, non-final, nested classes annotated with @Configuration.
2023-01-12T10:01:13.065Z  INFO 11845 --- [    Test worker] .b.t.c.SpringBootTestContextBootstrapper : Found @SpringBootConfiguration com.alsa.demo.LeaguesApplication for test class com.alsa.demo.services.TeamServiceTests
]]></system-out>
  <system-err><![CDATA[]]></system-err>
</testsuite>
