<?xml version="1.0" encoding="UTF-8"?>
<testsuite name="com.alsa.demo.logic.ResultLogicTests" tests="10" skipped="0" failures="0" errors="0" timestamp="2023-01-10T12:32:29" hostname="Alexs-MacBook-Pro.local" time="0.026">
  <properties/>
  <testcase name="getTeamNotFoundErrorIfTeamNotAvailable()" classname="com.alsa.demo.logic.ResultLogicTests" time="0.013"/>
  <testcase name="getMultiGoalsHomeTeam()" classname="com.alsa.demo.logic.ResultLogicTests" time="0.001"/>
  <testcase name="getResultFromMatch()" classname="com.alsa.demo.logic.ResultLogicTests" time="0.001"/>
  <testcase name="getMultiNameAwayTeamName()" classname="com.alsa.demo.logic.ResultLogicTests" time="0.0"/>
  <testcase name="getGoalsAwayTeam()" classname="com.alsa.demo.logic.ResultLogicTests" time="0.001"/>
  <testcase name="getTeamIdFromName()" classname="com.alsa.demo.logic.ResultLogicTests" time="0.001"/>
  <testcase name="getGoalsHomeTeam()" classname="com.alsa.demo.logic.ResultLogicTests" time="0.0"/>
  <testcase name="getMultiNameHomeTeamName()" classname="com.alsa.demo.logic.ResultLogicTests" time="0.0"/>
  <testcase name="getTeamNamesSingleTeamNames()" classname="com.alsa.demo.logic.ResultLogicTests" time="0.001"/>
  <testcase name="getMultiGoalsAwayTeam()" classname="com.alsa.demo.logic.ResultLogicTests" time="0.001"/>
  <system-out><![CDATA[]]></system-out>
  <system-err><![CDATA[]]></system-err>
</testsuite>
