<?xml version="1.0" encoding="UTF-8"?>
<testsuite name="com.alsa.demo.services.LeaguePositionServiceTests" tests="8" skipped="0" failures="0" errors="0" timestamp="2023-01-12T10:01:12" hostname="Alexs-MacBook-Pro.local" time="0.075">
  <properties/>
  <testcase name="failFalseTeamName()" classname="com.alsa.demo.services.LeaguePositionServiceTests" time="0.006"/>
  <testcase name="applyScoreUpdate()" classname="com.alsa.demo.services.LeaguePositionServiceTests" time="0.023"/>
  <testcase name="failLeagueUpdateFalseLeagueName()" classname="com.alsa.demo.services.LeaguePositionServiceTests" time="0.004"/>
  <testcase name="getOrderedPremierLeagueTable()" classname="com.alsa.demo.services.LeaguePositionServiceTests" time="0.009"/>
  <testcase name="failLeagueUpdateFalseTeamName()" classname="com.alsa.demo.services.LeaguePositionServiceTests" time="0.01"/>
  <testcase name="getPositionOfTeamInLeagueViaTeamAndLeagueName()" classname="com.alsa.demo.services.LeaguePositionServiceTests" time="0.006"/>
  <testcase name="failFalseLeagueName()" classname="com.alsa.demo.services.LeaguePositionServiceTests" time="0.006"/>
  <testcase name="getPositionOfTeamInLeagueViaId()" classname="com.alsa.demo.services.LeaguePositionServiceTests" time="0.005"/>
  <system-out><![CDATA[2023-01-12T10:01:12.965Z  INFO 11845 --- [    Test worker] t.c.s.AnnotationConfigContextLoaderUtils : Could not detect default configuration classes for test class [com.alsa.demo.services.LeaguePositionServiceTests]: LeaguePositionServiceTests does not declare any static, non-private, non-final, nested classes annotated with @Configuration.
2023-01-12T10:01:12.974Z  INFO 11845 --- [    Test worker] .b.t.c.SpringBootTestContextBootstrapper : Found @SpringBootConfiguration com.alsa.demo.LeaguesApplication for test class com.alsa.demo.services.LeaguePositionServiceTests
No Team Found of name: Everton U23
No League Found of name: Fake League
No Team Found of name: Fake Name
No League Found of name: Fantasy League
]]></system-out>
  <system-err><![CDATA[]]></system-err>
</testsuite>
