<?xml version="1.0" encoding="UTF-8"?>
<testsuite name="com.alsa.demo.services.TeamServiceTests" tests="2" skipped="0" failures="0" errors="0" timestamp="2023-01-10T15:06:24" hostname="Alexs-MacBook-Pro.local" time="0.204">
  <properties/>
  <testcase name="saveTeam()" classname="com.alsa.demo.services.TeamServiceTests" time="0.199"/>
  <testcase name="testGetTeamNameFromId()" classname="com.alsa.demo.services.TeamServiceTests" time="0.003"/>
  <system-out><![CDATA[15:06:21.544 [Test worker] DEBUG org.springframework.boot.test.context.SpringBootTestContextBootstrapper - Neither @ContextConfiguration nor @ContextHierarchy found for test class [TeamServiceTests]: using SpringBootContextLoader
15:06:21.548 [Test worker] DEBUG org.springframework.test.context.support.AbstractContextLoader - Could not detect default resource locations for test class [com.alsa.demo.services.TeamServiceTests]: no resource found for suffixes {-context.xml, Context.groovy}.
15:06:21.549 [Test worker] INFO org.springframework.test.context.support.AnnotationConfigContextLoaderUtils - Could not detect default configuration classes for test class [com.alsa.demo.services.TeamServiceTests]: TeamServiceTests does not declare any static, non-private, non-final, nested classes annotated with @Configuration.
15:06:21.569 [Test worker] DEBUG org.springframework.boot.test.context.SpringBootTestContextBootstrapper - Using ContextCustomizers for test class [TeamServiceTests]: [DisableObservabilityContextCustomizer, PropertyMappingContextCustomizer, Customizer, ExcludeFilterContextCustomizer, DuplicateJsonObjectContextCustomizer, MockitoContextCustomizer, TestRestTemplateContextCustomizer, WebTestClientContextCustomizer]
15:06:21.629 [Test worker] DEBUG org.springframework.context.annotation.ClassPathScanningCandidateComponentProvider - Identified candidate component class: file [/Users/alsa/Downloads/footballseason/build/classes/java/main/com/alsa/demo/LeaguesApplication.class]
15:06:21.630 [Test worker] INFO org.springframework.boot.test.context.SpringBootTestContextBootstrapper - Found @SpringBootConfiguration com.alsa.demo.LeaguesApplication for test class com.alsa.demo.services.TeamServiceTests
15:06:21.697 [Test worker] DEBUG org.springframework.boot.test.context.SpringBootTestContextBootstrapper - Using TestExecutionListeners for test class [TeamServiceTests]: [ServletTestExecutionListener, DirtiesContextBeforeModesTestExecutionListener, ApplicationEventsTestExecutionListener, MockitoTestExecutionListener, DependencyInjectionTestExecutionListener, DirtiesContextTestExecutionListener, TransactionalTestExecutionListener, SqlScriptsTestExecutionListener, EventPublishingTestExecutionListener, RestDocsTestExecutionListener, MockRestServiceServerResetTestExecutionListener, MockMvcPrintOnlyOnFailureTestExecutionListener, WebDriverTestExecutionListener, MockWebServiceServerTestExecutionListener, ResetMocksTestExecutionListener]
15:06:21.697 [Test worker] DEBUG org.springframework.test.context.support.AbstractDirtiesContextTestExecutionListener - Before test class: class [TeamServiceTests], class annotated with @DirtiesContext [false] with mode [null]

  .   ____          _            __ _ _
 /\\ / ___'_ __ _ _(_)_ __  __ _ \ \ \ \
( ( )\___ | '_ | '_| | '_ \/ _` | \ \ \ \
 \\/  ___)| |_)| | | | | || (_| |  ) ) ) )
  '  |____| .__|_| |_|_| |_\__, | / / / /
 =========|_|==============|___/=/_/_/_/
 :: Spring Boot ::                (v3.0.1)

2023-01-10T15:06:21.872Z  INFO 62714 --- [    Test worker] c.alsa.demo.services.TeamServiceTests    : Starting TeamServiceTests using Java 17.0.3.1 with PID 62714 (started by alsa in /Users/alsa/Downloads/footballseason)
2023-01-10T15:06:21.873Z  INFO 62714 --- [    Test worker] c.alsa.demo.services.TeamServiceTests    : No active profile set, falling back to 1 default profile: "default"
2023-01-10T15:06:22.311Z  INFO 62714 --- [    Test worker] .s.d.r.c.RepositoryConfigurationDelegate : Bootstrapping Spring Data JPA repositories in DEFAULT mode.
2023-01-10T15:06:22.424Z  INFO 62714 --- [    Test worker] .s.d.r.c.RepositoryConfigurationDelegate : Finished Spring Data repository scanning in 108 ms. Found 2 JPA repository interfaces.
2023-01-10T15:06:22.687Z  INFO 62714 --- [    Test worker] com.zaxxer.hikari.HikariDataSource       : HikariPool-1 - Starting...
2023-01-10T15:06:22.816Z  INFO 62714 --- [    Test worker] com.zaxxer.hikari.pool.HikariPool        : HikariPool-1 - Added connection conn0: url=jdbc:h2:mem:570fa2bf-560f-4ca4-a563-dcf523bb1047 user=SA
2023-01-10T15:06:22.817Z  INFO 62714 --- [    Test worker] com.zaxxer.hikari.HikariDataSource       : HikariPool-1 - Start completed.
2023-01-10T15:06:22.847Z  INFO 62714 --- [    Test worker] o.hibernate.jpa.internal.util.LogHelper  : HHH000204: Processing PersistenceUnitInfo [name: default]
2023-01-10T15:06:22.879Z  INFO 62714 --- [    Test worker] org.hibernate.Version                    : HHH000412: Hibernate ORM core version 6.1.6.Final
2023-01-10T15:06:22.994Z  WARN 62714 --- [    Test worker] org.hibernate.orm.deprecation            : HHH90000021: Encountered deprecated setting [javax.persistence.sharedCache.mode], use [jakarta.persistence.sharedCache.mode] instead
2023-01-10T15:06:23.090Z  INFO 62714 --- [    Test worker] SQL dialect                              : HHH000400: Using dialect: org.hibernate.dialect.H2Dialect
2023-01-10T15:06:23.601Z  INFO 62714 --- [    Test worker] o.h.e.t.j.p.i.JtaPlatformInitiator       : HHH000490: Using JtaPlatform implementation: [org.hibernate.engine.transaction.jta.platform.internal.NoJtaPlatform]
2023-01-10T15:06:23.607Z  INFO 62714 --- [    Test worker] j.LocalContainerEntityManagerFactoryBean : Initialized JPA EntityManagerFactory for persistence unit 'default'
2023-01-10T15:06:23.972Z  WARN 62714 --- [    Test worker] JpaBaseConfiguration$JpaWebConfiguration : spring.jpa.open-in-view is enabled by default. Therefore, database queries may be performed during view rendering. Explicitly configure spring.jpa.open-in-view to disable this warning
2023-01-10T15:06:24.243Z  INFO 62714 --- [    Test worker] c.alsa.demo.services.TeamServiceTests    : Started TeamServiceTests in 2.519 seconds (process running for 3.355)
]]></system-out>
  <system-err><![CDATA[]]></system-err>
</testsuite>
