<?xml version="1.0" encoding="UTF-8"?>
<testsuite name="com.alsa.demo.controllers.LeaguePositionControllerTests" tests="1" skipped="0" failures="0" errors="0" timestamp="2023-01-11T14:00:34" hostname="Alexs-MacBook-Pro.local" time="0.381">
  <properties/>
  <testcase name="putResultUpdate()" classname="com.alsa.demo.controllers.LeaguePositionControllerTests" time="0.381"/>
  <system-out><![CDATA[14:00:30.514 [Test worker] DEBUG org.springframework.boot.test.context.SpringBootTestContextBootstrapper - Neither @ContextConfiguration nor @ContextHierarchy found for test class [LeaguePositionControllerTests]: using SpringBootContextLoader
14:00:30.520 [Test worker] DEBUG org.springframework.test.context.support.AbstractContextLoader - Could not detect default resource locations for test class [com.alsa.demo.controllers.LeaguePositionControllerTests]: no resource found for suffixes {-context.xml, Context.groovy}.
14:00:30.521 [Test worker] INFO org.springframework.test.context.support.AnnotationConfigContextLoaderUtils - Could not detect default configuration classes for test class [com.alsa.demo.controllers.LeaguePositionControllerTests]: LeaguePositionControllerTests does not declare any static, non-private, non-final, nested classes annotated with @Configuration.
14:00:30.553 [Test worker] DEBUG org.springframework.boot.test.context.SpringBootTestContextBootstrapper - Using ContextCustomizers for test class [LeaguePositionControllerTests]: [DisableObservabilityContextCustomizer, PropertyMappingContextCustomizer, Customizer, ImportsContextCustomizer, ExcludeFilterContextCustomizer, DuplicateJsonObjectContextCustomizer, MockitoContextCustomizer, TestRestTemplateContextCustomizer, WebTestClientContextCustomizer]
14:00:30.622 [Test worker] DEBUG org.springframework.context.annotation.ClassPathScanningCandidateComponentProvider - Identified candidate component class: file [/Users/alsa/Downloads/footballseason/build/classes/java/main/com/alsa/demo/LeaguesApplication.class]
14:00:30.623 [Test worker] INFO org.springframework.boot.test.context.SpringBootTestContextBootstrapper - Found @SpringBootConfiguration com.alsa.demo.LeaguesApplication for test class com.alsa.demo.controllers.LeaguePositionControllerTests
14:00:30.697 [Test worker] DEBUG org.springframework.boot.test.context.SpringBootTestContextBootstrapper - Using TestExecutionListeners for test class [LeaguePositionControllerTests]: [ServletTestExecutionListener, DirtiesContextBeforeModesTestExecutionListener, ApplicationEventsTestExecutionListener, MockitoTestExecutionListener, DependencyInjectionTestExecutionListener, DirtiesContextTestExecutionListener, TransactionalTestExecutionListener, SqlScriptsTestExecutionListener, EventPublishingTestExecutionListener, RestDocsTestExecutionListener, MockRestServiceServerResetTestExecutionListener, MockMvcPrintOnlyOnFailureTestExecutionListener, WebDriverTestExecutionListener, MockWebServiceServerTestExecutionListener, ResetMocksTestExecutionListener]
14:00:30.698 [Test worker] DEBUG org.springframework.test.context.support.AbstractDirtiesContextTestExecutionListener - Before test class: class [LeaguePositionControllerTests], class annotated with @DirtiesContext [false] with mode [null]

  .   ____          _            __ _ _
 /\\ / ___'_ __ _ _(_)_ __  __ _ \ \ \ \
( ( )\___ | '_ | '_| | '_ \/ _` | \ \ \ \
 \\/  ___)| |_)| | | | | || (_| |  ) ) ) )
  '  |____| .__|_| |_|_| |_\__, | / / / /
 =========|_|==============|___/=/_/_/_/
 :: Spring Boot ::                (v3.0.1)

2023-01-11T14:00:30.918Z  INFO 9056 --- [    Test worker] c.a.d.c.LeaguePositionControllerTests    : Starting LeaguePositionControllerTests using Java 17.0.3.1 with PID 9056 (started by alsa in /Users/alsa/Downloads/footballseason)
2023-01-11T14:00:30.920Z  INFO 9056 --- [    Test worker] c.a.d.c.LeaguePositionControllerTests    : No active profile set, falling back to 1 default profile: "default"
2023-01-11T14:00:31.422Z  INFO 9056 --- [    Test worker] .s.d.r.c.RepositoryConfigurationDelegate : Bootstrapping Spring Data JPA repositories in DEFAULT mode.
2023-01-11T14:00:31.553Z  INFO 9056 --- [    Test worker] .s.d.r.c.RepositoryConfigurationDelegate : Finished Spring Data repository scanning in 123 ms. Found 3 JPA repository interfaces.
2023-01-11T14:00:31.870Z  INFO 9056 --- [    Test worker] com.zaxxer.hikari.HikariDataSource       : HikariPool-1 - Starting...
2023-01-11T14:00:32.034Z  INFO 9056 --- [    Test worker] com.zaxxer.hikari.pool.HikariPool        : HikariPool-1 - Added connection conn0: url=jdbc:h2:mem:6248b1fe-fb8f-4970-99cc-a7f455f3703a user=SA
2023-01-11T14:00:32.035Z  INFO 9056 --- [    Test worker] com.zaxxer.hikari.HikariDataSource       : HikariPool-1 - Start completed.
2023-01-11T14:00:32.065Z  INFO 9056 --- [    Test worker] o.hibernate.jpa.internal.util.LogHelper  : HHH000204: Processing PersistenceUnitInfo [name: default]
2023-01-11T14:00:32.094Z  INFO 9056 --- [    Test worker] org.hibernate.Version                    : HHH000412: Hibernate ORM core version 6.1.6.Final
2023-01-11T14:00:32.233Z  WARN 9056 --- [    Test worker] org.hibernate.orm.deprecation            : HHH90000021: Encountered deprecated setting [javax.persistence.sharedCache.mode], use [jakarta.persistence.sharedCache.mode] instead
2023-01-11T14:00:32.319Z  INFO 9056 --- [    Test worker] SQL dialect                              : HHH000400: Using dialect: org.hibernate.dialect.H2Dialect
2023-01-11T14:00:32.481Z  WARN 9056 --- [    Test worker] org.hibernate.mapping.RootClass          : HHH000038: Composite-id class does not override equals(): com.alsa.demo.entities.LeaguePositionId
2023-01-11T14:00:32.481Z  WARN 9056 --- [    Test worker] org.hibernate.mapping.RootClass          : HHH000039: Composite-id class does not override hashCode(): com.alsa.demo.entities.LeaguePositionId
2023-01-11T14:00:32.924Z  INFO 9056 --- [    Test worker] o.h.e.t.j.p.i.JtaPlatformInitiator       : HHH000490: Using JtaPlatform implementation: [org.hibernate.engine.transaction.jta.platform.internal.NoJtaPlatform]
2023-01-11T14:00:32.930Z  INFO 9056 --- [    Test worker] j.LocalContainerEntityManagerFactoryBean : Initialized JPA EntityManagerFactory for persistence unit 'default'
2023-01-11T14:00:33.595Z  WARN 9056 --- [    Test worker] JpaBaseConfiguration$JpaWebConfiguration : spring.jpa.open-in-view is enabled by default. Therefore, database queries may be performed during view rendering. Explicitly configure spring.jpa.open-in-view to disable this warning
2023-01-11T14:00:33.900Z  INFO 9056 --- [    Test worker] o.s.b.t.m.w.SpringBootMockServletContext : Initializing Spring TestDispatcherServlet ''
2023-01-11T14:00:33.900Z  INFO 9056 --- [    Test worker] o.s.t.web.servlet.TestDispatcherServlet  : Initializing Servlet ''
2023-01-11T14:00:33.903Z  INFO 9056 --- [    Test worker] o.s.t.web.servlet.TestDispatcherServlet  : Completed initialization in 1 ms
2023-01-11T14:00:33.986Z  INFO 9056 --- [    Test worker] c.a.d.c.LeaguePositionControllerTests    : Started LeaguePositionControllerTests in 3.26 seconds (process running for 4.254)
]]></system-out>
  <system-err><![CDATA[]]></system-err>
</testsuite>
