<?xml version="1.0" encoding="UTF-8"?>
<testsuite name="com.alsa.demo.LeaguesApplicationTests" tests="1" skipped="0" failures="0" errors="0" timestamp="2023-01-13T14:20:35" hostname="Alexs-MacBook-Pro.local" time="0.003">
  <properties/>
  <testcase name="contextLoads()" classname="com.alsa.demo.LeaguesApplicationTests" time="0.003"/>
  <system-out><![CDATA[2023-01-13T14:20:33.961Z  INFO [server,,] 57456 --- [    Test worker] t.c.s.AnnotationConfigContextLoaderUtils : Could not detect default configuration classes for test class [com.alsa.demo.LeaguesApplicationTests]: LeaguesApplicationTests does not declare any static, non-private, non-final, nested classes annotated with @Configuration.
2023-01-13T14:20:33.967Z  INFO [server,,] 57456 --- [    Test worker] .b.t.c.SpringBootTestContextBootstrapper : Found @SpringBootConfiguration com.alsa.demo.LeaguesApplication for test class com.alsa.demo.LeaguesApplicationTests

  .   ____          _            __ _ _
 /\\ / ___'_ __ _ _(_)_ __  __ _ \ \ \ \
( ( )\___ | '_ | '_| | '_ \/ _` | \ \ \ \
 \\/  ___)| |_)| | | | | || (_| |  ) ) ) )
  '  |____| .__|_| |_|_| |_\__, | / / / /
 =========|_|==============|___/=/_/_/_/
 :: Spring Boot ::                (v3.0.1)

2023-01-13T14:20:33.994Z  INFO [server,,] 57456 --- [    Test worker] com.alsa.demo.LeaguesApplicationTests    : Starting LeaguesApplicationTests using Java 17.0.3.1 with PID 57456 (started by alsa in /Users/alsa/Downloads/footballseason)
2023-01-13T14:20:33.995Z  INFO [server,,] 57456 --- [    Test worker] com.alsa.demo.LeaguesApplicationTests    : No active profile set, falling back to 1 default profile: "default"
2023-01-13T14:20:34.208Z  INFO [server,,] 57456 --- [    Test worker] .s.d.r.c.RepositoryConfigurationDelegate : Bootstrapping Spring Data JPA repositories in DEFAULT mode.
2023-01-13T14:20:34.218Z  INFO [server,,] 57456 --- [    Test worker] .s.d.r.c.RepositoryConfigurationDelegate : Finished Spring Data repository scanning in 10 ms. Found 3 JPA repository interfaces.
2023-01-13T14:20:34.309Z  INFO [server,,] 57456 --- [    Test worker] com.zaxxer.hikari.HikariDataSource       : HikariPool-2 - Starting...
2023-01-13T14:20:34.311Z  INFO [server,,] 57456 --- [    Test worker] com.zaxxer.hikari.pool.HikariPool        : HikariPool-2 - Added connection conn10: url=jdbc:h2:mem:718958c7-1295-4587-b40d-ffda69fd4791 user=SA
2023-01-13T14:20:34.312Z  INFO [server,,] 57456 --- [    Test worker] com.zaxxer.hikari.HikariDataSource       : HikariPool-2 - Start completed.
2023-01-13T14:20:34.313Z  INFO [server,,] 57456 --- [    Test worker] o.hibernate.jpa.internal.util.LogHelper  : HHH000204: Processing PersistenceUnitInfo [name: default]
2023-01-13T14:20:34.315Z  WARN [server,,] 57456 --- [    Test worker] org.hibernate.orm.deprecation            : HHH90000021: Encountered deprecated setting [javax.persistence.sharedCache.mode], use [jakarta.persistence.sharedCache.mode] instead
2023-01-13T14:20:34.318Z  INFO [server,,] 57456 --- [    Test worker] SQL dialect                              : HHH000400: Using dialect: org.hibernate.dialect.H2Dialect
2023-01-13T14:20:34.334Z  WARN [server,,] 57456 --- [    Test worker] org.hibernate.mapping.RootClass          : HHH000038: Composite-id class does not override equals(): com.alsa.demo.entities.LeaguePositionId
2023-01-13T14:20:34.334Z  WARN [server,,] 57456 --- [    Test worker] org.hibernate.mapping.RootClass          : HHH000039: Composite-id class does not override hashCode(): com.alsa.demo.entities.LeaguePositionId
2023-01-13T14:20:34.370Z  INFO [server,,] 57456 --- [    Test worker] o.h.e.t.j.p.i.JtaPlatformInitiator       : HHH000490: Using JtaPlatform implementation: [org.hibernate.engine.transaction.jta.platform.internal.NoJtaPlatform]
2023-01-13T14:20:34.371Z  INFO [server,,] 57456 --- [    Test worker] j.LocalContainerEntityManagerFactoryBean : Initialized JPA EntityManagerFactory for persistence unit 'default'
2023-01-13T14:20:34.635Z  WARN [server,,] 57456 --- [    Test worker] JpaBaseConfiguration$JpaWebConfiguration : spring.jpa.open-in-view is enabled by default. Therefore, database queries may be performed during view rendering. Explicitly configure spring.jpa.open-in-view to disable this warning
2023-01-13T14:20:34.673Z  INFO [server,,] 57456 --- [    Test worker] o.s.b.a.w.s.WelcomePageHandlerMapping    : Adding welcome page: class path resource [static/index.html]
2023-01-13T14:20:35.135Z  INFO [server,,] 57456 --- [    Test worker] o.s.b.a.e.web.EndpointLinksResolver      : Exposing 0 endpoint(s) beneath base path '/actuator'
2023-01-13T14:20:35.165Z  INFO [server,,] 57456 --- [    Test worker] com.alsa.demo.LeaguesApplicationTests    : Started LeaguesApplicationTests in 1.189 seconds (process running for 9.263)
]]></system-out>
  <system-err><![CDATA[]]></system-err>
</testsuite>
