<?xml version="1.0" encoding="UTF-8"?>
<testsuite name="com.alsa.demo.observation.ObservationTests" tests="1" skipped="0" failures="0" errors="0" timestamp="2023-01-13T15:34:21" hostname="Alexs-MacBook-Pro.local" time="0.188">
  <properties/>
  <testcase name="should_assert_your_observation()" classname="com.alsa.demo.observation.ObservationTests" time="0.188"/>
  <system-out><![CDATA[15:34:15.969 [Test worker] DEBUG org.springframework.boot.test.context.SpringBootTestContextBootstrapper - Neither @ContextConfiguration nor @ContextHierarchy found for test class [ObservationTests]: using SpringBootContextLoader
15:34:15.974 [Test worker] DEBUG org.springframework.test.context.support.AbstractContextLoader - Could not detect default resource locations for test class [com.alsa.demo.observation.ObservationTests]: no resource found for suffixes {-context.xml, Context.groovy}.
15:34:15.974 [Test worker] INFO org.springframework.test.context.support.AnnotationConfigContextLoaderUtils - Could not detect default configuration classes for test class [com.alsa.demo.observation.ObservationTests]: ObservationTests does not declare any static, non-private, non-final, nested classes annotated with @Configuration.
15:34:15.999 [Test worker] DEBUG org.springframework.boot.test.context.SpringBootTestContextBootstrapper - Using ContextCustomizers for test class [ObservationTests]: [DisableObservabilityContextCustomizer, PropertyMappingContextCustomizer, Customizer, ExcludeFilterContextCustomizer, DuplicateJsonObjectContextCustomizer, MockitoContextCustomizer, TestRestTemplateContextCustomizer, WebTestClientContextCustomizer]
15:34:16.068 [Test worker] DEBUG org.springframework.context.annotation.ClassPathScanningCandidateComponentProvider - Identified candidate component class: file [/Users/alsa/Downloads/footballseason/build/classes/java/main/com/alsa/demo/LeaguesApplication.class]
15:34:16.069 [Test worker] INFO org.springframework.boot.test.context.SpringBootTestContextBootstrapper - Found @SpringBootConfiguration com.alsa.demo.LeaguesApplication for test class com.alsa.demo.observation.ObservationTests
15:34:16.151 [Test worker] DEBUG org.springframework.boot.test.context.SpringBootTestContextBootstrapper - Using TestExecutionListeners for test class [ObservationTests]: [ServletTestExecutionListener, DirtiesContextBeforeModesTestExecutionListener, ApplicationEventsTestExecutionListener, MockitoTestExecutionListener, DependencyInjectionTestExecutionListener, DirtiesContextTestExecutionListener, TransactionalTestExecutionListener, SqlScriptsTestExecutionListener, EventPublishingTestExecutionListener, RestDocsTestExecutionListener, MockRestServiceServerResetTestExecutionListener, MockMvcPrintOnlyOnFailureTestExecutionListener, WebDriverTestExecutionListener, MockWebServiceServerTestExecutionListener, ResetMocksTestExecutionListener]
15:34:16.152 [Test worker] DEBUG org.springframework.test.context.support.AbstractDirtiesContextTestExecutionListener - Before test class: class [ObservationTests], class annotated with @DirtiesContext [false] with mode [null]

  .   ____          _            __ _ _
 /\\ / ___'_ __ _ _(_)_ __  __ _ \ \ \ \
( ( )\___ | '_ | '_| | '_ \/ _` | \ \ \ \
 \\/  ___)| |_)| | | | | || (_| |  ) ) ) )
  '  |____| .__|_| |_|_| |_\__, | / / / /
 =========|_|==============|___/=/_/_/_/
 :: Spring Boot ::                (v3.0.1)

2023-01-13T15:34:16.378Z  INFO [server,,] 70302 --- [    Test worker] c.a.demo.observation.ObservationTests    : Starting ObservationTests using Java 17.0.3.1 with PID 70302 (started by alsa in /Users/alsa/Downloads/footballseason)
2023-01-13T15:34:16.379Z  INFO [server,,] 70302 --- [    Test worker] c.a.demo.observation.ObservationTests    : No active profile set, falling back to 1 default profile: "default"
2023-01-13T15:34:17.181Z  INFO [server,,] 70302 --- [    Test worker] .s.d.r.c.RepositoryConfigurationDelegate : Bootstrapping Spring Data JPA repositories in DEFAULT mode.
2023-01-13T15:34:17.323Z  INFO [server,,] 70302 --- [    Test worker] .s.d.r.c.RepositoryConfigurationDelegate : Finished Spring Data repository scanning in 135 ms. Found 3 JPA repository interfaces.
2023-01-13T15:34:17.800Z  INFO [server,,] 70302 --- [    Test worker] com.zaxxer.hikari.HikariDataSource       : HikariPool-1 - Starting...
2023-01-13T15:34:17.970Z  INFO [server,,] 70302 --- [    Test worker] com.zaxxer.hikari.pool.HikariPool        : HikariPool-1 - Added connection conn0: url=jdbc:h2:mem:3e8881b6-b91b-40dd-9766-9d6ec5516615 user=SA
2023-01-13T15:34:17.971Z  INFO [server,,] 70302 --- [    Test worker] com.zaxxer.hikari.HikariDataSource       : HikariPool-1 - Start completed.
2023-01-13T15:34:18.012Z  INFO [server,,] 70302 --- [    Test worker] o.hibernate.jpa.internal.util.LogHelper  : HHH000204: Processing PersistenceUnitInfo [name: default]
2023-01-13T15:34:18.058Z  INFO [server,,] 70302 --- [    Test worker] org.hibernate.Version                    : HHH000412: Hibernate ORM core version 6.1.6.Final
2023-01-13T15:34:18.179Z  WARN [server,,] 70302 --- [    Test worker] org.hibernate.orm.deprecation            : HHH90000021: Encountered deprecated setting [javax.persistence.sharedCache.mode], use [jakarta.persistence.sharedCache.mode] instead
2023-01-13T15:34:18.272Z  INFO [server,,] 70302 --- [    Test worker] SQL dialect                              : HHH000400: Using dialect: org.hibernate.dialect.H2Dialect
2023-01-13T15:34:18.491Z  WARN [server,,] 70302 --- [    Test worker] org.hibernate.mapping.RootClass          : HHH000038: Composite-id class does not override equals(): com.alsa.demo.entities.LeaguePositionId
2023-01-13T15:34:18.491Z  WARN [server,,] 70302 --- [    Test worker] org.hibernate.mapping.RootClass          : HHH000039: Composite-id class does not override hashCode(): com.alsa.demo.entities.LeaguePositionId
2023-01-13T15:34:18.922Z  INFO [server,,] 70302 --- [    Test worker] o.h.e.t.j.p.i.JtaPlatformInitiator       : HHH000490: Using JtaPlatform implementation: [org.hibernate.engine.transaction.jta.platform.internal.NoJtaPlatform]
2023-01-13T15:34:18.928Z  INFO [server,,] 70302 --- [    Test worker] j.LocalContainerEntityManagerFactoryBean : Initialized JPA EntityManagerFactory for persistence unit 'default'
2023-01-13T15:34:20.069Z  WARN [server,,] 70302 --- [    Test worker] JpaBaseConfiguration$JpaWebConfiguration : spring.jpa.open-in-view is enabled by default. Therefore, database queries may be performed during view rendering. Explicitly configure spring.jpa.open-in-view to disable this warning
2023-01-13T15:34:20.203Z  INFO [server,,] 70302 --- [    Test worker] o.s.b.a.w.s.WelcomePageHandlerMapping    : Adding welcome page: class path resource [static/index.html]
2023-01-13T15:34:21.212Z  INFO [server,,] 70302 --- [    Test worker] o.s.b.a.e.web.EndpointLinksResolver      : Exposing 0 endpoint(s) beneath base path '/actuator'
2023-01-13T15:34:21.272Z  INFO [server,,] 70302 --- [    Test worker] c.a.demo.observation.ObservationTests    : Started ObservationTests in 5.087 seconds (process running for 5.942)
Hello
]]></system-out>
  <system-err><![CDATA[]]></system-err>
</testsuite>
