<?xml version="1.0" encoding="UTF-8"?>
<testsuite name="com.alsa.demo.logic.ResultLogicTests" tests="3" skipped="0" failures="0" errors="0" timestamp="2023-01-10T11:02:22" hostname="Alexs-MacBook-Pro.local" time="0.017">
  <properties/>
  <testcase name="getMultiNameAwayTeamName()" classname="com.alsa.demo.logic.ResultLogicTests" time="0.014"/>
  <testcase name="getMultiNameHomeTeamName()" classname="com.alsa.demo.logic.ResultLogicTests" time="0.001"/>
  <testcase name="getTeamNamesSingleTeamNames()" classname="com.alsa.demo.logic.ResultLogicTests" time="0.0"/>
  <system-out><![CDATA[]]></system-out>
  <system-err><![CDATA[]]></system-err>
</testsuite>
