<?xml version="1.0" encoding="UTF-8"?>
<testsuite name="com.alsa.demo.controllers.LeaguePositionControllerTests" tests="1" skipped="0" failures="0" errors="0" timestamp="2023-01-11T12:01:18" hostname="Alexs-MacBook-Pro.local" time="0.299">
  <properties/>
  <testcase name="returnLeaguePositionGivenNameAndLeague()" classname="com.alsa.demo.controllers.LeaguePositionControllerTests" time="0.299"/>
  <system-out><![CDATA[12:01:14.702 [Test worker] DEBUG org.springframework.boot.test.context.SpringBootTestContextBootstrapper - Neither @ContextConfiguration nor @ContextHierarchy found for test class [LeaguePositionControllerTests]: using SpringBootContextLoader
12:01:14.708 [Test worker] DEBUG org.springframework.test.context.support.AbstractContextLoader - Could not detect default resource locations for test class [com.alsa.demo.controllers.LeaguePositionControllerTests]: no resource found for suffixes {-context.xml, Context.groovy}.
12:01:14.709 [Test worker] INFO org.springframework.test.context.support.AnnotationConfigContextLoaderUtils - Could not detect default configuration classes for test class [com.alsa.demo.controllers.LeaguePositionControllerTests]: LeaguePositionControllerTests does not declare any static, non-private, non-final, nested classes annotated with @Configuration.
12:01:14.748 [Test worker] DEBUG org.springframework.boot.test.context.SpringBootTestContextBootstrapper - Using ContextCustomizers for test class [LeaguePositionControllerTests]: [DisableObservabilityContextCustomizer, PropertyMappingContextCustomizer, Customizer, ImportsContextCustomizer, ExcludeFilterContextCustomizer, DuplicateJsonObjectContextCustomizer, MockitoContextCustomizer, TestRestTemplateContextCustomizer, WebTestClientContextCustomizer]
12:01:14.828 [Test worker] DEBUG org.springframework.context.annotation.ClassPathScanningCandidateComponentProvider - Identified candidate component class: file [/Users/alsa/Downloads/footballseason/build/classes/java/main/com/alsa/demo/LeaguesApplication.class]
12:01:14.829 [Test worker] INFO org.springframework.boot.test.context.SpringBootTestContextBootstrapper - Found @SpringBootConfiguration com.alsa.demo.LeaguesApplication for test class com.alsa.demo.controllers.LeaguePositionControllerTests
12:01:14.922 [Test worker] DEBUG org.springframework.boot.test.context.SpringBootTestContextBootstrapper - Using TestExecutionListeners for test class [LeaguePositionControllerTests]: [ServletTestExecutionListener, DirtiesContextBeforeModesTestExecutionListener, ApplicationEventsTestExecutionListener, MockitoTestExecutionListener, DependencyInjectionTestExecutionListener, DirtiesContextTestExecutionListener, TransactionalTestExecutionListener, SqlScriptsTestExecutionListener, EventPublishingTestExecutionListener, RestDocsTestExecutionListener, MockRestServiceServerResetTestExecutionListener, MockMvcPrintOnlyOnFailureTestExecutionListener, WebDriverTestExecutionListener, MockWebServiceServerTestExecutionListener, ResetMocksTestExecutionListener]
12:01:14.923 [Test worker] DEBUG org.springframework.test.context.support.AbstractDirtiesContextTestExecutionListener - Before test class: class [LeaguePositionControllerTests], class annotated with @DirtiesContext [false] with mode [null]

  .   ____          _            __ _ _
 /\\ / ___'_ __ _ _(_)_ __  __ _ \ \ \ \
( ( )\___ | '_ | '_| | '_ \/ _` | \ \ \ \
 \\/  ___)| |_)| | | | | || (_| |  ) ) ) )
  '  |____| .__|_| |_|_| |_\__, | / / / /
 =========|_|==============|___/=/_/_/_/
 :: Spring Boot ::                (v3.0.1)

2023-01-11T12:01:15.165Z  INFO 87795 --- [    Test worker] c.a.d.c.LeaguePositionControllerTests    : Starting LeaguePositionControllerTests using Java 17.0.3.1 with PID 87795 (started by alsa in /Users/alsa/Downloads/footballseason)
2023-01-11T12:01:15.166Z  INFO 87795 --- [    Test worker] c.a.d.c.LeaguePositionControllerTests    : No active profile set, falling back to 1 default profile: "default"
2023-01-11T12:01:15.689Z  INFO 87795 --- [    Test worker] .s.d.r.c.RepositoryConfigurationDelegate : Bootstrapping Spring Data JPA repositories in DEFAULT mode.
2023-01-11T12:01:15.824Z  INFO 87795 --- [    Test worker] .s.d.r.c.RepositoryConfigurationDelegate : Finished Spring Data repository scanning in 127 ms. Found 3 JPA repository interfaces.
2023-01-11T12:01:16.178Z  INFO 87795 --- [    Test worker] com.zaxxer.hikari.HikariDataSource       : HikariPool-1 - Starting...
2023-01-11T12:01:16.351Z  INFO 87795 --- [    Test worker] com.zaxxer.hikari.pool.HikariPool        : HikariPool-1 - Added connection conn0: url=jdbc:h2:mem:969adc1f-a5dd-41c4-91a5-5a1dcb06d00c user=SA
2023-01-11T12:01:16.352Z  INFO 87795 --- [    Test worker] com.zaxxer.hikari.HikariDataSource       : HikariPool-1 - Start completed.
2023-01-11T12:01:16.387Z  INFO 87795 --- [    Test worker] o.hibernate.jpa.internal.util.LogHelper  : HHH000204: Processing PersistenceUnitInfo [name: default]
2023-01-11T12:01:16.422Z  INFO 87795 --- [    Test worker] org.hibernate.Version                    : HHH000412: Hibernate ORM core version 6.1.6.Final
2023-01-11T12:01:16.540Z  WARN 87795 --- [    Test worker] org.hibernate.orm.deprecation            : HHH90000021: Encountered deprecated setting [javax.persistence.sharedCache.mode], use [jakarta.persistence.sharedCache.mode] instead
2023-01-11T12:01:16.645Z  INFO 87795 --- [    Test worker] SQL dialect                              : HHH000400: Using dialect: org.hibernate.dialect.H2Dialect
2023-01-11T12:01:16.824Z  WARN 87795 --- [    Test worker] org.hibernate.mapping.RootClass          : HHH000038: Composite-id class does not override equals(): com.alsa.demo.entities.LeaguePositionId
2023-01-11T12:01:16.824Z  WARN 87795 --- [    Test worker] org.hibernate.mapping.RootClass          : HHH000039: Composite-id class does not override hashCode(): com.alsa.demo.entities.LeaguePositionId
2023-01-11T12:01:17.217Z  INFO 87795 --- [    Test worker] o.h.e.t.j.p.i.JtaPlatformInitiator       : HHH000490: Using JtaPlatform implementation: [org.hibernate.engine.transaction.jta.platform.internal.NoJtaPlatform]
2023-01-11T12:01:17.223Z  INFO 87795 --- [    Test worker] j.LocalContainerEntityManagerFactoryBean : Initialized JPA EntityManagerFactory for persistence unit 'default'
2023-01-11T12:01:17.841Z  WARN 87795 --- [    Test worker] JpaBaseConfiguration$JpaWebConfiguration : spring.jpa.open-in-view is enabled by default. Therefore, database queries may be performed during view rendering. Explicitly configure spring.jpa.open-in-view to disable this warning
2023-01-11T12:01:18.142Z  INFO 87795 --- [    Test worker] o.s.b.t.m.w.SpringBootMockServletContext : Initializing Spring TestDispatcherServlet ''
2023-01-11T12:01:18.142Z  INFO 87795 --- [    Test worker] o.s.t.web.servlet.TestDispatcherServlet  : Initializing Servlet ''
2023-01-11T12:01:18.144Z  INFO 87795 --- [    Test worker] o.s.t.web.servlet.TestDispatcherServlet  : Completed initialization in 1 ms
2023-01-11T12:01:18.236Z  INFO 87795 --- [    Test worker] c.a.d.c.LeaguePositionControllerTests    : Started LeaguePositionControllerTests in 3.275 seconds (process running for 4.32)
]]></system-out>
  <system-err><![CDATA[]]></system-err>
</testsuite>
