<?xml version="1.0" encoding="UTF-8"?>
<testsuite name="com.alsa.demo.LeaguePositionIntegrationTests" tests="5" skipped="0" failures="0" errors="0" timestamp="2023-01-12T09:33:03" hostname="Alexs-MacBook-Pro.local" time="0.542">
  <properties/>
  <testcase name="updateLeagueTable()" classname="com.alsa.demo.LeaguePositionIntegrationTests" time="0.474"/>
  <testcase name="retrieveLeagueGivenLeagueName()" classname="com.alsa.demo.LeaguePositionIntegrationTests" time="0.017"/>
  <testcase name="falseTeamInPosition()" classname="com.alsa.demo.LeaguePositionIntegrationTests" time="0.027"/>
  <testcase name="retrieveTeamInPosition()" classname="com.alsa.demo.LeaguePositionIntegrationTests" time="0.013"/>
  <testcase name="falseLeagueInPosition()" classname="com.alsa.demo.LeaguePositionIntegrationTests" time="0.008"/>
  <system-out><![CDATA[09:32:59.060 [Test worker] DEBUG org.springframework.boot.test.context.SpringBootTestContextBootstrapper - Neither @ContextConfiguration nor @ContextHierarchy found for test class [LeaguePositionIntegrationTests]: using SpringBootContextLoader
09:32:59.070 [Test worker] DEBUG org.springframework.test.context.support.AbstractContextLoader - Could not detect default resource locations for test class [com.alsa.demo.LeaguePositionIntegrationTests]: no resource found for suffixes {-context.xml, Context.groovy}.
09:32:59.071 [Test worker] INFO org.springframework.test.context.support.AnnotationConfigContextLoaderUtils - Could not detect default configuration classes for test class [com.alsa.demo.LeaguePositionIntegrationTests]: LeaguePositionIntegrationTests does not declare any static, non-private, non-final, nested classes annotated with @Configuration.
09:32:59.110 [Test worker] DEBUG org.springframework.boot.test.context.SpringBootTestContextBootstrapper - Using ContextCustomizers for test class [LeaguePositionIntegrationTests]: [DisableObservabilityContextCustomizer, PropertyMappingContextCustomizer, Customizer, ExcludeFilterContextCustomizer, DuplicateJsonObjectContextCustomizer, MockitoContextCustomizer, TestRestTemplateContextCustomizer, WebTestClientContextCustomizer]
09:32:59.193 [Test worker] DEBUG org.springframework.context.annotation.ClassPathScanningCandidateComponentProvider - Identified candidate component class: file [/Users/alsa/Downloads/footballseason/build/classes/java/main/com/alsa/demo/LeaguesApplication.class]
09:32:59.194 [Test worker] INFO org.springframework.boot.test.context.SpringBootTestContextBootstrapper - Found @SpringBootConfiguration com.alsa.demo.LeaguesApplication for test class com.alsa.demo.LeaguePositionIntegrationTests
09:32:59.281 [Test worker] DEBUG org.springframework.boot.test.context.SpringBootTestContextBootstrapper - Using TestExecutionListeners for test class [LeaguePositionIntegrationTests]: [ServletTestExecutionListener, DirtiesContextBeforeModesTestExecutionListener, ApplicationEventsTestExecutionListener, MockitoTestExecutionListener, DependencyInjectionTestExecutionListener, DirtiesContextTestExecutionListener, TransactionalTestExecutionListener, SqlScriptsTestExecutionListener, EventPublishingTestExecutionListener, RestDocsTestExecutionListener, MockRestServiceServerResetTestExecutionListener, MockMvcPrintOnlyOnFailureTestExecutionListener, WebDriverTestExecutionListener, MockWebServiceServerTestExecutionListener, ResetMocksTestExecutionListener]
09:32:59.282 [Test worker] DEBUG org.springframework.test.context.support.AbstractDirtiesContextTestExecutionListener - Before test class: class [LeaguePositionIntegrationTests], class annotated with @DirtiesContext [false] with mode [null]
09:32:59.291 [Test worker] DEBUG org.springframework.test.context.support.DependencyInjectionTestExecutionListener - Performing dependency injection for test class com.alsa.demo.LeaguePositionIntegrationTests

  .   ____          _            __ _ _
 /\\ / ___'_ __ _ _(_)_ __  __ _ \ \ \ \
( ( )\___ | '_ | '_| | '_ \/ _` | \ \ \ \
 \\/  ___)| |_)| | | | | || (_| |  ) ) ) )
  '  |____| .__|_| |_|_| |_\__, | / / / /
 =========|_|==============|___/=/_/_/_/
 :: Spring Boot ::                (v3.0.1)

2023-01-12T09:32:59.530Z  INFO 6228 --- [    Test worker] c.a.demo.LeaguePositionIntegrationTests  : Starting LeaguePositionIntegrationTests using Java 17.0.3.1 with PID 6228 (started by alsa in /Users/alsa/Downloads/footballseason)
2023-01-12T09:32:59.531Z  INFO 6228 --- [    Test worker] c.a.demo.LeaguePositionIntegrationTests  : No active profile set, falling back to 1 default profile: "default"
2023-01-12T09:33:00.148Z  INFO 6228 --- [    Test worker] .s.d.r.c.RepositoryConfigurationDelegate : Bootstrapping Spring Data JPA repositories in DEFAULT mode.
2023-01-12T09:33:00.280Z  INFO 6228 --- [    Test worker] .s.d.r.c.RepositoryConfigurationDelegate : Finished Spring Data repository scanning in 125 ms. Found 3 JPA repository interfaces.
2023-01-12T09:33:00.725Z  INFO 6228 --- [    Test worker] o.s.b.w.embedded.tomcat.TomcatWebServer  : Tomcat initialized with port(s): 0 (http)
2023-01-12T09:33:00.735Z  INFO 6228 --- [    Test worker] o.apache.catalina.core.StandardService   : Starting service [Tomcat]
2023-01-12T09:33:00.736Z  INFO 6228 --- [    Test worker] o.apache.catalina.core.StandardEngine    : Starting Servlet engine: [Apache Tomcat/10.1.4]
2023-01-12T09:33:00.831Z  INFO 6228 --- [    Test worker] o.a.c.c.C.[Tomcat].[localhost].[/]       : Initializing Spring embedded WebApplicationContext
2023-01-12T09:33:00.833Z  INFO 6228 --- [    Test worker] w.s.c.ServletWebServerApplicationContext : Root WebApplicationContext: initialization completed in 1285 ms
2023-01-12T09:33:00.939Z  INFO 6228 --- [    Test worker] com.zaxxer.hikari.HikariDataSource       : HikariPool-1 - Starting...
2023-01-12T09:33:01.103Z  INFO 6228 --- [    Test worker] com.zaxxer.hikari.pool.HikariPool        : HikariPool-1 - Added connection conn0: url=jdbc:h2:mem:1222fa4a-4662-43ef-92db-be7f5a56266f user=SA
2023-01-12T09:33:01.104Z  INFO 6228 --- [    Test worker] com.zaxxer.hikari.HikariDataSource       : HikariPool-1 - Start completed.
2023-01-12T09:33:01.144Z  INFO 6228 --- [    Test worker] o.hibernate.jpa.internal.util.LogHelper  : HHH000204: Processing PersistenceUnitInfo [name: default]
2023-01-12T09:33:01.197Z  INFO 6228 --- [    Test worker] org.hibernate.Version                    : HHH000412: Hibernate ORM core version 6.1.6.Final
2023-01-12T09:33:01.319Z  WARN 6228 --- [    Test worker] org.hibernate.orm.deprecation            : HHH90000021: Encountered deprecated setting [javax.persistence.sharedCache.mode], use [jakarta.persistence.sharedCache.mode] instead
2023-01-12T09:33:01.444Z  INFO 6228 --- [    Test worker] SQL dialect                              : HHH000400: Using dialect: org.hibernate.dialect.H2Dialect
2023-01-12T09:33:01.680Z  WARN 6228 --- [    Test worker] org.hibernate.mapping.RootClass          : HHH000038: Composite-id class does not override equals(): com.alsa.demo.entities.LeaguePositionId
2023-01-12T09:33:01.680Z  WARN 6228 --- [    Test worker] org.hibernate.mapping.RootClass          : HHH000039: Composite-id class does not override hashCode(): com.alsa.demo.entities.LeaguePositionId
2023-01-12T09:33:02.103Z  INFO 6228 --- [    Test worker] o.h.e.t.j.p.i.JtaPlatformInitiator       : HHH000490: Using JtaPlatform implementation: [org.hibernate.engine.transaction.jta.platform.internal.NoJtaPlatform]
2023-01-12T09:33:02.110Z  INFO 6228 --- [    Test worker] j.LocalContainerEntityManagerFactoryBean : Initialized JPA EntityManagerFactory for persistence unit 'default'
2023-01-12T09:33:02.760Z  WARN 6228 --- [    Test worker] JpaBaseConfiguration$JpaWebConfiguration : spring.jpa.open-in-view is enabled by default. Therefore, database queries may be performed during view rendering. Explicitly configure spring.jpa.open-in-view to disable this warning
2023-01-12T09:33:03.612Z  INFO 6228 --- [    Test worker] o.s.b.w.embedded.tomcat.TomcatWebServer  : Tomcat started on port(s): 50385 (http) with context path ''
2023-01-12T09:33:03.621Z  INFO 6228 --- [    Test worker] c.a.demo.LeaguePositionIntegrationTests  : Started LeaguePositionIntegrationTests in 4.307 seconds (process running for 5.303)
2023-01-12T09:33:04.037Z  INFO 6228 --- [o-auto-1-exec-1] o.a.c.c.C.[Tomcat].[localhost].[/]       : Initializing Spring DispatcherServlet 'dispatcherServlet'
2023-01-12T09:33:04.037Z  INFO 6228 --- [o-auto-1-exec-1] o.s.web.servlet.DispatcherServlet        : Initializing Servlet 'dispatcherServlet'
2023-01-12T09:33:04.038Z  INFO 6228 --- [o-auto-1-exec-1] o.s.web.servlet.DispatcherServlet        : Completed initialization in 1 ms
Everton
]]></system-out>
  <system-err><![CDATA[]]></system-err>
</testsuite>
