<?xml version="1.0" encoding="UTF-8"?>
<testsuite name="com.alsa.demo.logic.PremierLeagueScoringLogicTests" tests="5" skipped="0" failures="0" errors="0" timestamp="2023-01-13T14:20:36" hostname="Alexs-MacBook-Pro.local" time="0.005">
  <properties/>
  <testcase name="findWinnerAwayWin()" classname="com.alsa.demo.logic.PremierLeagueScoringLogicTests" time="0.001"/>
  <testcase name="findDraw()" classname="com.alsa.demo.logic.PremierLeagueScoringLogicTests" time="0.0"/>
  <testcase name="findWinnerHomeWin()" classname="com.alsa.demo.logic.PremierLeagueScoringLogicTests" time="0.0"/>
  <testcase name="findLeagueUpdateForTeamOneGivenResult()" classname="com.alsa.demo.logic.PremierLeagueScoringLogicTests" time="0.001"/>
  <testcase name="findLeagueUpdateForTeamTwoGivenResult()" classname="com.alsa.demo.logic.PremierLeagueScoringLogicTests" time="0.0"/>
  <system-out><![CDATA[]]></system-out>
  <system-err><![CDATA[]]></system-err>
</testsuite>
