<?xml version="1.0" encoding="UTF-8"?>
<testsuite name="com.alsa.demo.controllers.TeamControllerTests" tests="1" skipped="0" failures="0" errors="0" timestamp="2023-01-11T15:29:40" hostname="Alexs-MacBook-Pro.local" time="0.212">
  <properties/>
  <testcase name="saveTeam()" classname="com.alsa.demo.controllers.TeamControllerTests" time="0.212"/>
  <system-out><![CDATA[15:29:35.397 [Test worker] DEBUG org.springframework.boot.test.context.SpringBootTestContextBootstrapper - Neither @ContextConfiguration nor @ContextHierarchy found for test class [TeamControllerTests]: using SpringBootContextLoader
15:29:35.402 [Test worker] DEBUG org.springframework.test.context.support.AbstractContextLoader - Could not detect default resource locations for test class [com.alsa.demo.controllers.TeamControllerTests]: no resource found for suffixes {-context.xml, Context.groovy}.
15:29:35.402 [Test worker] INFO org.springframework.test.context.support.AnnotationConfigContextLoaderUtils - Could not detect default configuration classes for test class [com.alsa.demo.controllers.TeamControllerTests]: TeamControllerTests does not declare any static, non-private, non-final, nested classes annotated with @Configuration.
15:29:35.436 [Test worker] DEBUG org.springframework.boot.test.context.SpringBootTestContextBootstrapper - Using ContextCustomizers for test class [TeamControllerTests]: [DisableObservabilityContextCustomizer, PropertyMappingContextCustomizer, Customizer, ImportsContextCustomizer, ExcludeFilterContextCustomizer, DuplicateJsonObjectContextCustomizer, MockitoContextCustomizer, TestRestTemplateContextCustomizer, WebTestClientContextCustomizer]
15:29:35.510 [Test worker] DEBUG org.springframework.context.annotation.ClassPathScanningCandidateComponentProvider - Identified candidate component class: file [/Users/alsa/Downloads/footballseason/build/classes/java/main/com/alsa/demo/LeaguesApplication.class]
15:29:35.511 [Test worker] INFO org.springframework.boot.test.context.SpringBootTestContextBootstrapper - Found @SpringBootConfiguration com.alsa.demo.LeaguesApplication for test class com.alsa.demo.controllers.TeamControllerTests
15:29:35.578 [Test worker] DEBUG org.springframework.boot.test.context.SpringBootTestContextBootstrapper - Using TestExecutionListeners for test class [TeamControllerTests]: [ServletTestExecutionListener, DirtiesContextBeforeModesTestExecutionListener, ApplicationEventsTestExecutionListener, MockitoTestExecutionListener, DependencyInjectionTestExecutionListener, DirtiesContextTestExecutionListener, TransactionalTestExecutionListener, SqlScriptsTestExecutionListener, EventPublishingTestExecutionListener, RestDocsTestExecutionListener, MockRestServiceServerResetTestExecutionListener, MockMvcPrintOnlyOnFailureTestExecutionListener, WebDriverTestExecutionListener, MockWebServiceServerTestExecutionListener, ResetMocksTestExecutionListener]
15:29:35.579 [Test worker] DEBUG org.springframework.test.context.support.AbstractDirtiesContextTestExecutionListener - Before test class: class [TeamControllerTests], class annotated with @DirtiesContext [false] with mode [null]
15:29:35.589 [Test worker] DEBUG org.springframework.test.context.support.DependencyInjectionTestExecutionListener - Performing dependency injection for test class com.alsa.demo.controllers.TeamControllerTests

  .   ____          _            __ _ _
 /\\ / ___'_ __ _ _(_)_ __  __ _ \ \ \ \
( ( )\___ | '_ | '_| | '_ \/ _` | \ \ \ \
 \\/  ___)| |_)| | | | | || (_| |  ) ) ) )
  '  |____| .__|_| |_|_| |_\__, | / / / /
 =========|_|==============|___/=/_/_/_/
 :: Spring Boot ::                (v3.0.1)

2023-01-11T15:29:35.789Z  INFO 24946 --- [    Test worker] c.a.d.controllers.TeamControllerTests    : Starting TeamControllerTests using Java 17.0.3.1 with PID 24946 (started by alsa in /Users/alsa/Downloads/footballseason)
2023-01-11T15:29:35.790Z  INFO 24946 --- [    Test worker] c.a.d.controllers.TeamControllerTests    : No active profile set, falling back to 1 default profile: "default"
2023-01-11T15:29:36.350Z  INFO 24946 --- [    Test worker] .s.d.r.c.RepositoryConfigurationDelegate : Bootstrapping Spring Data JPA repositories in DEFAULT mode.
2023-01-11T15:29:36.490Z  INFO 24946 --- [    Test worker] .s.d.r.c.RepositoryConfigurationDelegate : Finished Spring Data repository scanning in 132 ms. Found 3 JPA repository interfaces.
2023-01-11T15:29:36.928Z  INFO 24946 --- [    Test worker] o.s.b.w.embedded.tomcat.TomcatWebServer  : Tomcat initialized with port(s): 0 (http)
2023-01-11T15:29:36.938Z  INFO 24946 --- [    Test worker] o.apache.catalina.core.StandardService   : Starting service [Tomcat]
2023-01-11T15:29:36.939Z  INFO 24946 --- [    Test worker] o.apache.catalina.core.StandardEngine    : Starting Servlet engine: [Apache Tomcat/10.1.4]
2023-01-11T15:29:37.028Z  INFO 24946 --- [    Test worker] o.a.c.c.C.[Tomcat].[localhost].[/]       : Initializing Spring embedded WebApplicationContext
2023-01-11T15:29:37.030Z  INFO 24946 --- [    Test worker] w.s.c.ServletWebServerApplicationContext : Root WebApplicationContext: initialization completed in 1228 ms
2023-01-11T15:29:37.142Z  INFO 24946 --- [    Test worker] com.zaxxer.hikari.HikariDataSource       : HikariPool-1 - Starting...
2023-01-11T15:29:37.309Z  INFO 24946 --- [    Test worker] com.zaxxer.hikari.pool.HikariPool        : HikariPool-1 - Added connection conn0: url=jdbc:h2:mem:7fb51a5b-0f73-4ba7-86a6-5b308f31feee user=SA
2023-01-11T15:29:37.311Z  INFO 24946 --- [    Test worker] com.zaxxer.hikari.HikariDataSource       : HikariPool-1 - Start completed.
2023-01-11T15:29:37.349Z  INFO 24946 --- [    Test worker] o.hibernate.jpa.internal.util.LogHelper  : HHH000204: Processing PersistenceUnitInfo [name: default]
2023-01-11T15:29:37.392Z  INFO 24946 --- [    Test worker] org.hibernate.Version                    : HHH000412: Hibernate ORM core version 6.1.6.Final
2023-01-11T15:29:37.525Z  WARN 24946 --- [    Test worker] org.hibernate.orm.deprecation            : HHH90000021: Encountered deprecated setting [javax.persistence.sharedCache.mode], use [jakarta.persistence.sharedCache.mode] instead
2023-01-11T15:29:37.642Z  INFO 24946 --- [    Test worker] SQL dialect                              : HHH000400: Using dialect: org.hibernate.dialect.H2Dialect
2023-01-11T15:29:37.883Z  WARN 24946 --- [    Test worker] org.hibernate.mapping.RootClass          : HHH000038: Composite-id class does not override equals(): com.alsa.demo.entities.LeaguePositionId
2023-01-11T15:29:37.883Z  WARN 24946 --- [    Test worker] org.hibernate.mapping.RootClass          : HHH000039: Composite-id class does not override hashCode(): com.alsa.demo.entities.LeaguePositionId
2023-01-11T15:29:38.346Z  INFO 24946 --- [    Test worker] o.h.e.t.j.p.i.JtaPlatformInitiator       : HHH000490: Using JtaPlatform implementation: [org.hibernate.engine.transaction.jta.platform.internal.NoJtaPlatform]
2023-01-11T15:29:38.353Z  INFO 24946 --- [    Test worker] j.LocalContainerEntityManagerFactoryBean : Initialized JPA EntityManagerFactory for persistence unit 'default'
2023-01-11T15:29:38.941Z  WARN 24946 --- [    Test worker] JpaBaseConfiguration$JpaWebConfiguration : spring.jpa.open-in-view is enabled by default. Therefore, database queries may be performed during view rendering. Explicitly configure spring.jpa.open-in-view to disable this warning
2023-01-11T15:29:39.732Z  INFO 24946 --- [    Test worker] o.a.c.c.C.[Tomcat].[localhost].[/]       : Initializing Spring TestDispatcherServlet ''
2023-01-11T15:29:39.733Z  INFO 24946 --- [    Test worker] o.s.t.web.servlet.TestDispatcherServlet  : Initializing Servlet ''
2023-01-11T15:29:39.734Z  INFO 24946 --- [    Test worker] o.s.t.web.servlet.TestDispatcherServlet  : Completed initialization in 1 ms
2023-01-11T15:29:39.848Z  INFO 24946 --- [    Test worker] o.s.b.w.embedded.tomcat.TomcatWebServer  : Tomcat started on port(s): 56153 (http) with context path ''
2023-01-11T15:29:39.856Z  INFO 24946 --- [    Test worker] c.a.d.controllers.TeamControllerTests    : Started TeamControllerTests in 4.245 seconds (process running for 5.136)
]]></system-out>
  <system-err><![CDATA[]]></system-err>
</testsuite>
