<?xml version="1.0" encoding="UTF-8"?>
<testsuite name="com.alsa.demo.services.LeaguePositionServiceTests" tests="6" skipped="0" failures="0" errors="0" timestamp="2023-01-11T14:52:01" hostname="Alexs-MacBook-Pro.local" time="0.061">
  <properties/>
  <testcase name="failFalseTeamName()" classname="com.alsa.demo.services.LeaguePositionServiceTests" time="0.006"/>
  <testcase name="applyScoreUpdate()" classname="com.alsa.demo.services.LeaguePositionServiceTests" time="0.021"/>
  <testcase name="getOrderedPremierLeagueTable()" classname="com.alsa.demo.services.LeaguePositionServiceTests" time="0.01"/>
  <testcase name="getPositionOfTeamInLeagueViaTeamAndLeagueName()" classname="com.alsa.demo.services.LeaguePositionServiceTests" time="0.008"/>
  <testcase name="failFalseLeagueName()" classname="com.alsa.demo.services.LeaguePositionServiceTests" time="0.006"/>
  <testcase name="getPositionOfTeamInLeagueViaId()" classname="com.alsa.demo.services.LeaguePositionServiceTests" time="0.006"/>
  <system-out><![CDATA[2023-01-11T14:52:01.090Z  INFO 18407 --- [    Test worker] t.c.s.AnnotationConfigContextLoaderUtils : Could not detect default configuration classes for test class [com.alsa.demo.services.LeaguePositionServiceTests]: LeaguePositionServiceTests does not declare any static, non-private, non-final, nested classes annotated with @Configuration.
2023-01-11T14:52:01.091Z  INFO 18407 --- [    Test worker] .b.t.c.SpringBootTestContextBootstrapper : Found @SpringBootConfiguration com.alsa.demo.LeaguesApplication for test class com.alsa.demo.services.LeaguePositionServiceTests
No Team Found of name: Everton U23
No League Found of name: Fantasy League
]]></system-out>
  <system-err><![CDATA[]]></system-err>
</testsuite>
