<?xml version="1.0" encoding="UTF-8"?>
<testsuite name="com.alsa.demo.logic.ResultLogicTests" tests="1" skipped="0" failures="0" errors="0" timestamp="2023-01-10T10:29:11" hostname="Alexs-MacBook-Pro.local" time="0.012">
  <properties/>
  <testcase name="getTeamNamesSingleTeamNames()" classname="com.alsa.demo.logic.ResultLogicTests" time="0.012"/>
  <system-out><![CDATA[]]></system-out>
  <system-err><![CDATA[]]></system-err>
</testsuite>
