<?xml version="1.0" encoding="UTF-8"?>
<testsuite name="com.alsa.demo.LeaguesApplicationTests" tests="1" skipped="0" failures="0" errors="0" timestamp="2023-01-09T10:49:59" hostname="Alexs-MacBook-Pro.local" time="0.235">
  <properties/>
  <testcase name="contextLoads()" classname="com.alsa.demo.LeaguesApplicationTests" time="0.235"/>
  <system-out><![CDATA[10:49:56.794 [Test worker] DEBUG org.springframework.boot.test.context.SpringBootTestContextBootstrapper - Neither @ContextConfiguration nor @ContextHierarchy found for test class [LeaguesApplicationTests]: using SpringBootContextLoader
10:49:56.801 [Test worker] DEBUG org.springframework.test.context.support.AbstractContextLoader - Could not detect default resource locations for test class [com.alsa.demo.LeaguesApplicationTests]: no resource found for suffixes {-context.xml, Context.groovy}.
10:49:56.802 [Test worker] INFO org.springframework.test.context.support.AnnotationConfigContextLoaderUtils - Could not detect default configuration classes for test class [com.alsa.demo.LeaguesApplicationTests]: LeaguesApplicationTests does not declare any static, non-private, non-final, nested classes annotated with @Configuration.
10:49:56.840 [Test worker] DEBUG org.springframework.boot.test.context.SpringBootTestContextBootstrapper - Using ContextCustomizers for test class [LeaguesApplicationTests]: [DisableObservabilityContextCustomizer, PropertyMappingContextCustomizer, Customizer, ExcludeFilterContextCustomizer, DuplicateJsonObjectContextCustomizer, MockitoContextCustomizer, TestRestTemplateContextCustomizer, WebTestClientContextCustomizer]
10:49:56.928 [Test worker] DEBUG org.springframework.context.annotation.ClassPathScanningCandidateComponentProvider - Identified candidate component class: file [/Users/alsa/Downloads/footballseason/build/classes/java/main/com/alsa/demo/LeaguesApplication.class]
10:49:56.929 [Test worker] INFO org.springframework.boot.test.context.SpringBootTestContextBootstrapper - Found @SpringBootConfiguration com.alsa.demo.LeaguesApplication for test class com.alsa.demo.LeaguesApplicationTests
10:49:57.044 [Test worker] DEBUG org.springframework.boot.test.context.SpringBootTestContextBootstrapper - Using TestExecutionListeners for test class [LeaguesApplicationTests]: [ServletTestExecutionListener, DirtiesContextBeforeModesTestExecutionListener, ApplicationEventsTestExecutionListener, MockitoTestExecutionListener, DependencyInjectionTestExecutionListener, DirtiesContextTestExecutionListener, TransactionalTestExecutionListener, SqlScriptsTestExecutionListener, EventPublishingTestExecutionListener, RestDocsTestExecutionListener, MockRestServiceServerResetTestExecutionListener, MockMvcPrintOnlyOnFailureTestExecutionListener, WebDriverTestExecutionListener, MockWebServiceServerTestExecutionListener, ResetMocksTestExecutionListener]
10:49:57.045 [Test worker] DEBUG org.springframework.test.context.support.AbstractDirtiesContextTestExecutionListener - Before test class: class [LeaguesApplicationTests], class annotated with @DirtiesContext [false] with mode [null]

  .   ____          _            __ _ _
 /\\ / ___'_ __ _ _(_)_ __  __ _ \ \ \ \
( ( )\___ | '_ | '_| | '_ \/ _` | \ \ \ \
 \\/  ___)| |_)| | | | | || (_| |  ) ) ) )
  '  |____| .__|_| |_|_| |_\__, | / / / /
 =========|_|==============|___/=/_/_/_/
 :: Spring Boot ::                (v3.0.1)

2023-01-09T10:49:57.301Z  INFO 18772 --- [    Test worker] com.alsa.demo.LeaguesApplicationTests    : Starting LeaguesApplicationTests using Java 17.0.3.1 with PID 18772 (started by alsa in /Users/alsa/Downloads/footballseason)
2023-01-09T10:49:57.303Z  INFO 18772 --- [    Test worker] com.alsa.demo.LeaguesApplicationTests    : No active profile set, falling back to 1 default profile: "default"
2023-01-09T10:49:57.886Z  INFO 18772 --- [    Test worker] .s.d.r.c.RepositoryConfigurationDelegate : Bootstrapping Spring Data JPA repositories in DEFAULT mode.
2023-01-09T10:49:57.907Z  INFO 18772 --- [    Test worker] .s.d.r.c.RepositoryConfigurationDelegate : Finished Spring Data repository scanning in 12 ms. Found 0 JPA repository interfaces.
2023-01-09T10:49:58.347Z  INFO 18772 --- [    Test worker] com.zaxxer.hikari.HikariDataSource       : HikariPool-1 - Starting...
2023-01-09T10:49:58.507Z  INFO 18772 --- [    Test worker] com.zaxxer.hikari.pool.HikariPool        : HikariPool-1 - Added connection conn0: url=jdbc:h2:mem:82707a89-b2cc-4b98-989d-02571c0bbd17 user=SA
2023-01-09T10:49:58.508Z  INFO 18772 --- [    Test worker] com.zaxxer.hikari.HikariDataSource       : HikariPool-1 - Start completed.
2023-01-09T10:49:58.556Z  INFO 18772 --- [    Test worker] o.hibernate.jpa.internal.util.LogHelper  : HHH000204: Processing PersistenceUnitInfo [name: default]
2023-01-09T10:49:58.613Z  INFO 18772 --- [    Test worker] org.hibernate.Version                    : HHH000412: Hibernate ORM core version 6.1.6.Final
2023-01-09T10:49:58.766Z  WARN 18772 --- [    Test worker] org.hibernate.orm.deprecation            : HHH90000021: Encountered deprecated setting [javax.persistence.sharedCache.mode], use [jakarta.persistence.sharedCache.mode] instead
2023-01-09T10:49:58.915Z  INFO 18772 --- [    Test worker] SQL dialect                              : HHH000400: Using dialect: org.hibernate.dialect.H2Dialect
2023-01-09T10:49:59.177Z  INFO 18772 --- [    Test worker] o.h.e.t.j.p.i.JtaPlatformInitiator       : HHH000490: Using JtaPlatform implementation: [org.hibernate.engine.transaction.jta.platform.internal.NoJtaPlatform]
2023-01-09T10:49:59.186Z  INFO 18772 --- [    Test worker] j.LocalContainerEntityManagerFactoryBean : Initialized JPA EntityManagerFactory for persistence unit 'default'
2023-01-09T10:49:59.375Z  WARN 18772 --- [    Test worker] JpaBaseConfiguration$JpaWebConfiguration : spring.jpa.open-in-view is enabled by default. Therefore, database queries may be performed during view rendering. Explicitly configure spring.jpa.open-in-view to disable this warning
2023-01-09T10:49:59.721Z  INFO 18772 --- [    Test worker] com.alsa.demo.LeaguesApplicationTests    : Started LeaguesApplicationTests in 2.634 seconds (process running for 3.747)
]]></system-out>
  <system-err><![CDATA[]]></system-err>
</testsuite>
