<?xml version="1.0" encoding="UTF-8"?>
<testsuite name="com.alsa.demo.controllers.LeaguePositionControllerTests" tests="3" skipped="0" failures="0" errors="0" timestamp="2023-01-13T14:20:36" hostname="Alexs-MacBook-Pro.local" time="0.096">
  <properties/>
  <testcase name="returnSortedLeagueGivenLeagueName()" classname="com.alsa.demo.controllers.LeaguePositionControllerTests" time="0.034"/>
  <testcase name="returnLeaguePositionGivenNameAndLeague()" classname="com.alsa.demo.controllers.LeaguePositionControllerTests" time="0.009"/>
  <testcase name="putResultUpdate()" classname="com.alsa.demo.controllers.LeaguePositionControllerTests" time="0.051"/>
  <system-out><![CDATA[2023-01-13T14:20:35.343Z  INFO [server,,] 57456 --- [    Test worker] t.c.s.AnnotationConfigContextLoaderUtils : Could not detect default configuration classes for test class [com.alsa.demo.controllers.LeaguePositionControllerTests]: LeaguePositionControllerTests does not declare any static, non-private, non-final, nested classes annotated with @Configuration.
2023-01-13T14:20:35.366Z  INFO [server,,] 57456 --- [    Test worker] .b.t.c.SpringBootTestContextBootstrapper : Found @SpringBootConfiguration com.alsa.demo.LeaguesApplication for test class com.alsa.demo.controllers.LeaguePositionControllerTests

  .   ____          _            __ _ _
 /\\ / ___'_ __ _ _(_)_ __  __ _ \ \ \ \
( ( )\___ | '_ | '_| | '_ \/ _` | \ \ \ \
 \\/  ___)| |_)| | | | | || (_| |  ) ) ) )
  '  |____| .__|_| |_|_| |_\__, | / / / /
 =========|_|==============|___/=/_/_/_/
 :: Spring Boot ::                (v3.0.1)

2023-01-13T14:20:35.399Z  INFO [server,,] 57456 --- [    Test worker] c.a.d.c.LeaguePositionControllerTests    : Starting LeaguePositionControllerTests using Java 17.0.3.1 with PID 57456 (started by alsa in /Users/alsa/Downloads/footballseason)
2023-01-13T14:20:35.400Z  INFO [server,,] 57456 --- [    Test worker] c.a.d.c.LeaguePositionControllerTests    : No active profile set, falling back to 1 default profile: "default"
2023-01-13T14:20:35.598Z  INFO [server,,] 57456 --- [    Test worker] .s.d.r.c.RepositoryConfigurationDelegate : Bootstrapping Spring Data JPA repositories in DEFAULT mode.
2023-01-13T14:20:35.610Z  INFO [server,,] 57456 --- [    Test worker] .s.d.r.c.RepositoryConfigurationDelegate : Finished Spring Data repository scanning in 11 ms. Found 3 JPA repository interfaces.
2023-01-13T14:20:35.694Z  INFO [server,,] 57456 --- [    Test worker] com.zaxxer.hikari.HikariDataSource       : HikariPool-3 - Starting...
2023-01-13T14:20:35.696Z  INFO [server,,] 57456 --- [    Test worker] com.zaxxer.hikari.pool.HikariPool        : HikariPool-3 - Added connection conn20: url=jdbc:h2:mem:d797feb9-e072-4faf-b2a6-7db1714f79c2 user=SA
2023-01-13T14:20:35.696Z  INFO [server,,] 57456 --- [    Test worker] com.zaxxer.hikari.HikariDataSource       : HikariPool-3 - Start completed.
2023-01-13T14:20:35.697Z  INFO [server,,] 57456 --- [    Test worker] o.hibernate.jpa.internal.util.LogHelper  : HHH000204: Processing PersistenceUnitInfo [name: default]
2023-01-13T14:20:35.699Z  WARN [server,,] 57456 --- [    Test worker] org.hibernate.orm.deprecation            : HHH90000021: Encountered deprecated setting [javax.persistence.sharedCache.mode], use [jakarta.persistence.sharedCache.mode] instead
2023-01-13T14:20:35.702Z  INFO [server,,] 57456 --- [    Test worker] SQL dialect                              : HHH000400: Using dialect: org.hibernate.dialect.H2Dialect
2023-01-13T14:20:35.716Z  WARN [server,,] 57456 --- [    Test worker] org.hibernate.mapping.RootClass          : HHH000038: Composite-id class does not override equals(): com.alsa.demo.entities.LeaguePositionId
2023-01-13T14:20:35.717Z  WARN [server,,] 57456 --- [    Test worker] org.hibernate.mapping.RootClass          : HHH000039: Composite-id class does not override hashCode(): com.alsa.demo.entities.LeaguePositionId
2023-01-13T14:20:35.749Z  INFO [server,,] 57456 --- [    Test worker] o.h.e.t.j.p.i.JtaPlatformInitiator       : HHH000490: Using JtaPlatform implementation: [org.hibernate.engine.transaction.jta.platform.internal.NoJtaPlatform]
2023-01-13T14:20:35.749Z  INFO [server,,] 57456 --- [    Test worker] j.LocalContainerEntityManagerFactoryBean : Initialized JPA EntityManagerFactory for persistence unit 'default'
2023-01-13T14:20:35.960Z  WARN [server,,] 57456 --- [    Test worker] JpaBaseConfiguration$JpaWebConfiguration : spring.jpa.open-in-view is enabled by default. Therefore, database queries may be performed during view rendering. Explicitly configure spring.jpa.open-in-view to disable this warning
2023-01-13T14:20:35.998Z  INFO [server,,] 57456 --- [    Test worker] o.s.b.a.w.s.WelcomePageHandlerMapping    : Adding welcome page: class path resource [static/index.html]
2023-01-13T14:20:36.372Z  INFO [server,,] 57456 --- [    Test worker] o.s.b.t.m.w.SpringBootMockServletContext : Initializing Spring TestDispatcherServlet ''
2023-01-13T14:20:36.372Z  INFO [server,,] 57456 --- [    Test worker] o.s.t.web.servlet.TestDispatcherServlet  : Initializing Servlet ''
2023-01-13T14:20:36.376Z  INFO [server,,] 57456 --- [    Test worker] o.s.b.a.e.web.EndpointLinksResolver      : Exposing 0 endpoint(s) beneath base path '/actuator'
2023-01-13T14:20:36.383Z  INFO [server,,] 57456 --- [    Test worker] o.s.t.web.servlet.TestDispatcherServlet  : Completed initialization in 10 ms
2023-01-13T14:20:36.417Z  INFO [server,,] 57456 --- [    Test worker] c.a.d.c.LeaguePositionControllerTests    : Started LeaguePositionControllerTests in 1.036 seconds (process running for 10.515)
START data: get-league-table-given-name
STOP: get-league-table-given-name response time: 9ms
START data: get-league-position-given-team-and-league
STOP: get-league-position-given-team-and-league response time: 3ms
START data: get-league-table-given-name
STOP: get-league-table-given-name response time: 10ms
START data: update-league-table-given-match
2023-01-13T14:20:36.547Z  INFO [server,,] 57456 --- [    Test worker] c.a.demo.services.LeaguePositionService  : Updating league table for match: Manchester United 2-0 Newcastle United, in league: Premier League
STOP: update-league-table-given-match response time: 19ms
START data: get-league-table-given-name
STOP: get-league-table-given-name response time: 7ms
]]></system-out>
  <system-err><![CDATA[]]></system-err>
</testsuite>
