<?xml version="1.0" encoding="UTF-8"?>
<testsuite name="com.alsa.demo.LeaguesApplicationTests" tests="1" skipped="0" failures="0" errors="0" timestamp="2023-01-12T10:01:11" hostname="Alexs-MacBook-Pro.local" time="0.002">
  <properties/>
  <testcase name="contextLoads()" classname="com.alsa.demo.LeaguesApplicationTests" time="0.002"/>
  <system-out><![CDATA[2023-01-12T10:01:11.228Z  INFO 11845 --- [    Test worker] t.c.s.AnnotationConfigContextLoaderUtils : Could not detect default configuration classes for test class [com.alsa.demo.LeaguesApplicationTests]: LeaguesApplicationTests does not declare any static, non-private, non-final, nested classes annotated with @Configuration.
2023-01-12T10:01:11.229Z  INFO 11845 --- [    Test worker] .b.t.c.SpringBootTestContextBootstrapper : Found @SpringBootConfiguration com.alsa.demo.LeaguesApplication for test class com.alsa.demo.LeaguesApplicationTests

  .   ____          _            __ _ _
 /\\ / ___'_ __ _ _(_)_ __  __ _ \ \ \ \
( ( )\___ | '_ | '_| | '_ \/ _` | \ \ \ \
 \\/  ___)| |_)| | | | | || (_| |  ) ) ) )
  '  |____| .__|_| |_|_| |_\__, | / / / /
 =========|_|==============|___/=/_/_/_/
 :: Spring Boot ::                (v3.0.1)

2023-01-12T10:01:11.246Z  INFO 11845 --- [    Test worker] com.alsa.demo.LeaguesApplicationTests    : Starting LeaguesApplicationTests using Java 17.0.3.1 with PID 11845 (started by alsa in /Users/alsa/Downloads/footballseason)
2023-01-12T10:01:11.247Z  INFO 11845 --- [    Test worker] com.alsa.demo.LeaguesApplicationTests    : No active profile set, falling back to 1 default profile: "default"
2023-01-12T10:01:11.370Z  INFO 11845 --- [    Test worker] .s.d.r.c.RepositoryConfigurationDelegate : Bootstrapping Spring Data JPA repositories in DEFAULT mode.
2023-01-12T10:01:11.380Z  INFO 11845 --- [    Test worker] .s.d.r.c.RepositoryConfigurationDelegate : Finished Spring Data repository scanning in 10 ms. Found 3 JPA repository interfaces.
2023-01-12T10:01:11.437Z  INFO 11845 --- [    Test worker] com.zaxxer.hikari.HikariDataSource       : HikariPool-2 - Starting...
2023-01-12T10:01:11.439Z  INFO 11845 --- [    Test worker] com.zaxxer.hikari.pool.HikariPool        : HikariPool-2 - Added connection conn10: url=jdbc:h2:mem:41c6fddf-c75e-46da-bf28-ed95944ea2b8 user=SA
2023-01-12T10:01:11.439Z  INFO 11845 --- [    Test worker] com.zaxxer.hikari.HikariDataSource       : HikariPool-2 - Start completed.
2023-01-12T10:01:11.440Z  INFO 11845 --- [    Test worker] o.hibernate.jpa.internal.util.LogHelper  : HHH000204: Processing PersistenceUnitInfo [name: default]
2023-01-12T10:01:11.442Z  WARN 11845 --- [    Test worker] org.hibernate.orm.deprecation            : HHH90000021: Encountered deprecated setting [javax.persistence.sharedCache.mode], use [jakarta.persistence.sharedCache.mode] instead
2023-01-12T10:01:11.444Z  INFO 11845 --- [    Test worker] SQL dialect                              : HHH000400: Using dialect: org.hibernate.dialect.H2Dialect
2023-01-12T10:01:11.461Z  WARN 11845 --- [    Test worker] org.hibernate.mapping.RootClass          : HHH000038: Composite-id class does not override equals(): com.alsa.demo.entities.LeaguePositionId
2023-01-12T10:01:11.462Z  WARN 11845 --- [    Test worker] org.hibernate.mapping.RootClass          : HHH000039: Composite-id class does not override hashCode(): com.alsa.demo.entities.LeaguePositionId
2023-01-12T10:01:11.500Z  INFO 11845 --- [    Test worker] o.h.e.t.j.p.i.JtaPlatformInitiator       : HHH000490: Using JtaPlatform implementation: [org.hibernate.engine.transaction.jta.platform.internal.NoJtaPlatform]
2023-01-12T10:01:11.501Z  INFO 11845 --- [    Test worker] j.LocalContainerEntityManagerFactoryBean : Initialized JPA EntityManagerFactory for persistence unit 'default'
2023-01-12T10:01:11.616Z  WARN 11845 --- [    Test worker] JpaBaseConfiguration$JpaWebConfiguration : spring.jpa.open-in-view is enabled by default. Therefore, database queries may be performed during view rendering. Explicitly configure spring.jpa.open-in-view to disable this warning
2023-01-12T10:01:11.907Z  INFO 11845 --- [    Test worker] com.alsa.demo.LeaguesApplicationTests    : Started LeaguesApplicationTests in 0.673 seconds (process running for 6.422)
]]></system-out>
  <system-err><![CDATA[]]></system-err>
</testsuite>
