<?xml version="1.0" encoding="UTF-8"?>
<testsuite name="com.alsa.demo.services.TeamServiceTests" tests="2" skipped="0" failures="0" errors="0" timestamp="2023-01-13T14:20:36" hostname="Alexs-MacBook-Pro.local" time="0.009">
  <properties/>
  <testcase name="saveTeam()" classname="com.alsa.demo.services.TeamServiceTests" time="0.004"/>
  <testcase name="testGetTeamNameFromId()" classname="com.alsa.demo.services.TeamServiceTests" time="0.005"/>
  <system-out><![CDATA[2023-01-13T14:20:36.773Z  INFO [server,,] 57456 --- [    Test worker] t.c.s.AnnotationConfigContextLoaderUtils : Could not detect default configuration classes for test class [com.alsa.demo.services.TeamServiceTests]: TeamServiceTests does not declare any static, non-private, non-final, nested classes annotated with @Configuration.
2023-01-13T14:20:36.774Z  INFO [server,,] 57456 --- [    Test worker] .b.t.c.SpringBootTestContextBootstrapper : Found @SpringBootConfiguration com.alsa.demo.LeaguesApplication for test class com.alsa.demo.services.TeamServiceTests
]]></system-out>
  <system-err><![CDATA[]]></system-err>
</testsuite>
