<?xml version="1.0" encoding="UTF-8"?>
<testsuite name="com.alsa.demo.services.LeagueServiceTests" tests="2" skipped="0" failures="0" errors="0" timestamp="2023-01-11T14:52:01" hostname="Alexs-MacBook-Pro.local" time="0.009">
  <properties/>
  <testcase name="saveLeague()" classname="com.alsa.demo.services.LeagueServiceTests" time="0.004"/>
  <testcase name="testGetTeamNameFromId()" classname="com.alsa.demo.services.LeagueServiceTests" time="0.004"/>
  <system-out><![CDATA[2023-01-11T14:52:01.156Z  INFO 18407 --- [    Test worker] t.c.s.AnnotationConfigContextLoaderUtils : Could not detect default configuration classes for test class [com.alsa.demo.services.LeagueServiceTests]: LeagueServiceTests does not declare any static, non-private, non-final, nested classes annotated with @Configuration.
2023-01-11T14:52:01.157Z  INFO 18407 --- [    Test worker] .b.t.c.SpringBootTestContextBootstrapper : Found @SpringBootConfiguration com.alsa.demo.LeaguesApplication for test class com.alsa.demo.services.LeagueServiceTests
]]></system-out>
  <system-err><![CDATA[]]></system-err>
</testsuite>
