<?xml version="1.0" encoding="UTF-8"?>
<testsuite name="com.alsa.demo.logic.LeagueLogicTests" tests="1" skipped="0" failures="0" errors="0" timestamp="2023-01-10T10:19:56" hostname="Alexs-MacBook-Pro.local" time="0.021">
  <properties/>
  <testcase name="updateLeaguePlacesGivenResultUpdateFromScoreLogic()" classname="com.alsa.demo.logic.LeagueLogicTests" time="0.021"/>
  <system-out><![CDATA[Position: 1, TeamID: 1, GoalsFor: 24, GoalsAgainst: 19, Points: 43
Position: 3, TeamID: 2, GoalsFor: 18, GoalsAgainst: 21, Points: 38
Position: 2, TeamID: 3, GoalsFor: 16, GoalsAgainst: 16, Points: 38
Position: 4, TeamID: 4, GoalsFor: 14, GoalsAgainst: 13, Points: 36
]]></system-out>
  <system-err><![CDATA[]]></system-err>
</testsuite>
