<?xml version="1.0" encoding="UTF-8"?>
<testsuite name="com.alsa.demo.logic.PremierLeagueLogicTests" tests="5" skipped="0" failures="0" errors="0" timestamp="2023-01-09T14:44:36" hostname="Alexs-MacBook-Pro.local" time="0.036">
  <properties/>
  <testcase name="findWinnerAwayWin()" classname="com.alsa.demo.logic.PremierLeagueLogicTests" time="0.022"/>
  <testcase name="findDraw()" classname="com.alsa.demo.logic.PremierLeagueLogicTests" time="0.001"/>
  <testcase name="findWinnerHomeWin()" classname="com.alsa.demo.logic.PremierLeagueLogicTests" time="0.001"/>
  <testcase name="findLeagueUpdateForTeamOneGivenResult()" classname="com.alsa.demo.logic.PremierLeagueLogicTests" time="0.005"/>
  <testcase name="findLeagueUpdateForTeamTwoGivenResult()" classname="com.alsa.demo.logic.PremierLeagueLogicTests" time="0.001"/>
  <system-out><![CDATA[]]></system-out>
  <system-err><![CDATA[]]></system-err>
</testsuite>
