<?xml version="1.0" encoding="UTF-8"?>
<testsuite name="com.alsa.demo.TeamIntegrationTests" tests="4" skipped="0" failures="0" errors="0" timestamp="2023-01-12T10:01:11" hostname="Alexs-MacBook-Pro.local" time="0.089">
  <properties/>
  <testcase name="saveTeam()" classname="com.alsa.demo.TeamIntegrationTests" time="0.042"/>
  <testcase name="saveAndGetTeam()" classname="com.alsa.demo.TeamIntegrationTests" time="0.013"/>
  <testcase name="getTeam()" classname="com.alsa.demo.TeamIntegrationTests" time="0.008"/>
  <testcase name="saveAndGetTeamValidationIssue()" classname="com.alsa.demo.TeamIntegrationTests" time="0.024"/>
  <system-out><![CDATA[2023-01-12T10:01:11.977Z  INFO 11845 --- [    Test worker] t.c.s.AnnotationConfigContextLoaderUtils : Could not detect default configuration classes for test class [com.alsa.demo.TeamIntegrationTests]: TeamIntegrationTests does not declare any static, non-private, non-final, nested classes annotated with @Configuration.
2023-01-12T10:01:11.978Z  INFO 11845 --- [    Test worker] .b.t.c.SpringBootTestContextBootstrapper : Found @SpringBootConfiguration com.alsa.demo.LeaguesApplication for test class com.alsa.demo.TeamIntegrationTests
2023-01-12T10:01:12.063Z  WARN 11845 --- [o-auto-1-exec-4] .w.s.m.s.DefaultHandlerExceptionResolver : Resolved [org.springframework.web.bind.MethodArgumentNotValidException: Validation failed for argument [0] in public void com.alsa.demo.controllers.TeamController.saveTeam(com.alsa.demo.input.TeamForm): [Field error in object 'teamForm' on field 'teamName': rejected value []; codes [NotBlank.teamForm.teamName,NotBlank.teamName,NotBlank.java.lang.String,NotBlank]; arguments [org.springframework.context.support.DefaultMessageSourceResolvable: codes [teamForm.teamName,teamName]; arguments []; default message [teamName]]; default message [must not be blank]] ]
]]></system-out>
  <system-err><![CDATA[]]></system-err>
</testsuite>
