<?xml version="1.0" encoding="UTF-8"?>
<testsuite name="com.alsa.demo.services.LeaguePositionServiceTests" tests="2" skipped="0" failures="0" errors="0" timestamp="2023-01-10T16:29:11" hostname="Alexs-MacBook-Pro.local" time="0.209">
  <properties/>
  <testcase name="getOrderedPremierLeagueTable()" classname="com.alsa.demo.services.LeaguePositionServiceTests" time="0.202"/>
  <testcase name="getPositionOfTeamInLeague()" classname="com.alsa.demo.services.LeaguePositionServiceTests" time="0.006"/>
  <system-out><![CDATA[16:29:08.119 [Test worker] DEBUG org.springframework.boot.test.context.SpringBootTestContextBootstrapper - Neither @ContextConfiguration nor @ContextHierarchy found for test class [LeaguePositionServiceTests]: using SpringBootContextLoader
16:29:08.123 [Test worker] DEBUG org.springframework.test.context.support.AbstractContextLoader - Could not detect default resource locations for test class [com.alsa.demo.services.LeaguePositionServiceTests]: no resource found for suffixes {-context.xml, Context.groovy}.
16:29:08.124 [Test worker] INFO org.springframework.test.context.support.AnnotationConfigContextLoaderUtils - Could not detect default configuration classes for test class [com.alsa.demo.services.LeaguePositionServiceTests]: LeaguePositionServiceTests does not declare any static, non-private, non-final, nested classes annotated with @Configuration.
16:29:08.145 [Test worker] DEBUG org.springframework.boot.test.context.SpringBootTestContextBootstrapper - Using ContextCustomizers for test class [LeaguePositionServiceTests]: [DisableObservabilityContextCustomizer, PropertyMappingContextCustomizer, Customizer, ExcludeFilterContextCustomizer, DuplicateJsonObjectContextCustomizer, MockitoContextCustomizer, TestRestTemplateContextCustomizer, WebTestClientContextCustomizer]
16:29:08.208 [Test worker] DEBUG org.springframework.context.annotation.ClassPathScanningCandidateComponentProvider - Identified candidate component class: file [/Users/alsa/Downloads/footballseason/build/classes/java/main/com/alsa/demo/LeaguesApplication.class]
16:29:08.210 [Test worker] INFO org.springframework.boot.test.context.SpringBootTestContextBootstrapper - Found @SpringBootConfiguration com.alsa.demo.LeaguesApplication for test class com.alsa.demo.services.LeaguePositionServiceTests
16:29:08.294 [Test worker] DEBUG org.springframework.boot.test.context.SpringBootTestContextBootstrapper - Using TestExecutionListeners for test class [LeaguePositionServiceTests]: [ServletTestExecutionListener, DirtiesContextBeforeModesTestExecutionListener, ApplicationEventsTestExecutionListener, MockitoTestExecutionListener, DependencyInjectionTestExecutionListener, DirtiesContextTestExecutionListener, TransactionalTestExecutionListener, SqlScriptsTestExecutionListener, EventPublishingTestExecutionListener, RestDocsTestExecutionListener, MockRestServiceServerResetTestExecutionListener, MockMvcPrintOnlyOnFailureTestExecutionListener, WebDriverTestExecutionListener, MockWebServiceServerTestExecutionListener, ResetMocksTestExecutionListener]
16:29:08.295 [Test worker] DEBUG org.springframework.test.context.support.AbstractDirtiesContextTestExecutionListener - Before test class: class [LeaguePositionServiceTests], class annotated with @DirtiesContext [false] with mode [null]

  .   ____          _            __ _ _
 /\\ / ___'_ __ _ _(_)_ __  __ _ \ \ \ \
( ( )\___ | '_ | '_| | '_ \/ _` | \ \ \ \
 \\/  ___)| |_)| | | | | || (_| |  ) ) ) )
  '  |____| .__|_| |_|_| |_\__, | / / / /
 =========|_|==============|___/=/_/_/_/
 :: Spring Boot ::                (v3.0.1)

2023-01-10T16:29:08.517Z  INFO 77549 --- [    Test worker] c.a.d.s.LeaguePositionServiceTests       : Starting LeaguePositionServiceTests using Java 17.0.3.1 with PID 77549 (started by alsa in /Users/alsa/Downloads/footballseason)
2023-01-10T16:29:08.519Z  INFO 77549 --- [    Test worker] c.a.d.s.LeaguePositionServiceTests       : No active profile set, falling back to 1 default profile: "default"
2023-01-10T16:29:08.972Z  INFO 77549 --- [    Test worker] .s.d.r.c.RepositoryConfigurationDelegate : Bootstrapping Spring Data JPA repositories in DEFAULT mode.
2023-01-10T16:29:09.107Z  INFO 77549 --- [    Test worker] .s.d.r.c.RepositoryConfigurationDelegate : Finished Spring Data repository scanning in 128 ms. Found 3 JPA repository interfaces.
2023-01-10T16:29:09.399Z  INFO 77549 --- [    Test worker] com.zaxxer.hikari.HikariDataSource       : HikariPool-1 - Starting...
2023-01-10T16:29:09.556Z  INFO 77549 --- [    Test worker] com.zaxxer.hikari.pool.HikariPool        : HikariPool-1 - Added connection conn0: url=jdbc:h2:mem:2fa85d7d-a8d0-4ee6-b81c-dcb9fb7c1dd2 user=SA
2023-01-10T16:29:09.558Z  INFO 77549 --- [    Test worker] com.zaxxer.hikari.HikariDataSource       : HikariPool-1 - Start completed.
2023-01-10T16:29:09.601Z  INFO 77549 --- [    Test worker] o.hibernate.jpa.internal.util.LogHelper  : HHH000204: Processing PersistenceUnitInfo [name: default]
2023-01-10T16:29:09.646Z  INFO 77549 --- [    Test worker] org.hibernate.Version                    : HHH000412: Hibernate ORM core version 6.1.6.Final
2023-01-10T16:29:09.785Z  WARN 77549 --- [    Test worker] org.hibernate.orm.deprecation            : HHH90000021: Encountered deprecated setting [javax.persistence.sharedCache.mode], use [jakarta.persistence.sharedCache.mode] instead
2023-01-10T16:29:09.900Z  INFO 77549 --- [    Test worker] SQL dialect                              : HHH000400: Using dialect: org.hibernate.dialect.H2Dialect
2023-01-10T16:29:10.089Z  WARN 77549 --- [    Test worker] org.hibernate.mapping.RootClass          : HHH000038: Composite-id class does not override equals(): com.alsa.demo.entities.LeaguePositionId
2023-01-10T16:29:10.089Z  WARN 77549 --- [    Test worker] org.hibernate.mapping.RootClass          : HHH000039: Composite-id class does not override hashCode(): com.alsa.demo.entities.LeaguePositionId
2023-01-10T16:29:10.501Z  INFO 77549 --- [    Test worker] o.h.e.t.j.p.i.JtaPlatformInitiator       : HHH000490: Using JtaPlatform implementation: [org.hibernate.engine.transaction.jta.platform.internal.NoJtaPlatform]
2023-01-10T16:29:10.508Z  INFO 77549 --- [    Test worker] j.LocalContainerEntityManagerFactoryBean : Initialized JPA EntityManagerFactory for persistence unit 'default'
2023-01-10T16:29:11.071Z  WARN 77549 --- [    Test worker] JpaBaseConfiguration$JpaWebConfiguration : spring.jpa.open-in-view is enabled by default. Therefore, database queries may be performed during view rendering. Explicitly configure spring.jpa.open-in-view to disable this warning
2023-01-10T16:29:11.330Z  INFO 77549 --- [    Test worker] c.a.d.s.LeaguePositionServiceTests       : Started LeaguePositionServiceTests in 3.004 seconds (process running for 3.896)
]]></system-out>
  <system-err><![CDATA[]]></system-err>
</testsuite>
