<?xml version="1.0" encoding="UTF-8"?>
<testsuite name="com.alsa.demo.logic.LeagueLogicTests" tests="5" skipped="0" failures="0" errors="0" timestamp="2023-01-11T14:52:01" hostname="Alexs-MacBook-Pro.local" time="0.008">
  <properties/>
  <testcase name="updateLeaguePositionVariableGivenResultUpdate()" classname="com.alsa.demo.logic.LeagueLogicTests" time="0.002"/>
  <testcase name="updateLeaguePlacesGivenResultUpdateFromScoreLogic()" classname="com.alsa.demo.logic.LeagueLogicTests" time="0.001"/>
  <testcase name="updateLeagueGivenResultUpdate()" classname="com.alsa.demo.logic.LeagueLogicTests" time="0.001"/>
  <testcase name="updateLeaguePlacesGoalDifference()" classname="com.alsa.demo.logic.LeagueLogicTests" time="0.001"/>
  <testcase name="updateSeveralLeaguePlaces()" classname="com.alsa.demo.logic.LeagueLogicTests" time="0.001"/>
  <system-out><![CDATA[Position: 1, TeamID: com.alsa.demo.entities.Team@734901c1, GoalsFor: 24, GoalsAgainst: 19, Points: 43
Position: 3, TeamID: com.alsa.demo.entities.Team@11a3ffe6, GoalsFor: 18, GoalsAgainst: 21, Points: 38
Position: 2, TeamID: com.alsa.demo.entities.Team@66cdde2b, GoalsFor: 16, GoalsAgainst: 16, Points: 38
Position: 4, TeamID: com.alsa.demo.entities.Team@68321229, GoalsFor: 14, GoalsAgainst: 13, Points: 36
Position: 2, TeamID: com.alsa.demo.entities.Team@53ce41e7, GoalsFor: 20, GoalsAgainst: 19, Points: 40
Position: 1, TeamID: com.alsa.demo.entities.Team@5d9cd8b7, GoalsFor: 22, GoalsAgainst: 18, Points: 41
Position: 3, TeamID: com.alsa.demo.entities.Team@55a869a9, GoalsFor: 16, GoalsAgainst: 16, Points: 38
Position: 4, TeamID: com.alsa.demo.entities.Team@2d739a6f, GoalsFor: 14, GoalsAgainst: 13, Points: 36
Position: 3, TeamID: com.alsa.demo.entities.Team@c93275f, GoalsFor: 20, GoalsAgainst: 19, Points: 40
Position: 2, TeamID: com.alsa.demo.entities.Team@37711f1a, GoalsFor: 22, GoalsAgainst: 18, Points: 41
Position: 1, TeamID: com.alsa.demo.entities.Team@2182cd7c, GoalsFor: 41, GoalsAgainst: 17, Points: 41
Position: 4, TeamID: com.alsa.demo.entities.Team@10939bc1, GoalsFor: 14, GoalsAgainst: 13, Points: 36
Position: 2, TeamID: com.alsa.demo.entities.Team@5afef53, GoalsFor: 20, GoalsAgainst: 19, Points: 40
Position: 3, TeamID: com.alsa.demo.entities.Team@3a19b933, GoalsFor: 18, GoalsAgainst: 17, Points: 38
Position: 1, TeamID: com.alsa.demo.entities.Team@d476a21, GoalsFor: 20, GoalsAgainst: 17, Points: 41
Position: 4, TeamID: com.alsa.demo.entities.Team@186b5db, GoalsFor: 14, GoalsAgainst: 13, Points: 36
]]></system-out>
  <system-err><![CDATA[]]></system-err>
</testsuite>
