<?xml version="1.0" encoding="UTF-8"?>
<testsuite name="com.alsa.demo.LeaguesApplicationTests" tests="1" skipped="0" failures="0" errors="0" timestamp="2023-01-11T14:52:00" hostname="Alexs-MacBook-Pro.local" time="0.003">
  <properties/>
  <testcase name="contextLoads()" classname="com.alsa.demo.LeaguesApplicationTests" time="0.003"/>
  <system-out><![CDATA[2023-01-11T14:52:00.119Z  INFO 18407 --- [    Test worker] t.c.s.AnnotationConfigContextLoaderUtils : Could not detect default configuration classes for test class [com.alsa.demo.LeaguesApplicationTests]: LeaguesApplicationTests does not declare any static, non-private, non-final, nested classes annotated with @Configuration.
2023-01-11T14:52:00.121Z  INFO 18407 --- [    Test worker] .b.t.c.SpringBootTestContextBootstrapper : Found @SpringBootConfiguration com.alsa.demo.LeaguesApplication for test class com.alsa.demo.LeaguesApplicationTests
]]></system-out>
  <system-err><![CDATA[]]></system-err>
</testsuite>
